This file contains any messages produced by compilers while
running configure, to aid debugging if configure makes a mistake.

It was created by MIT Language Modeling Toolkit configure 0.4.1, which was
generated by GNU Autoconf 2.69.  Invocation command line was

  $ ./configure 

## --------- ##
## Platform. ##
## --------- ##

hostname = boyan-N56VB
uname -m = x86_64
uname -r = 4.13.0-37-generic
uname -s = Linux
uname -v = #42~16.04.1-Ubuntu SMP Wed Mar 7 16:03:28 UTC 2018

/usr/bin/uname -p = unknown
/bin/uname -X     = unknown

/bin/arch              = unknown
/usr/bin/arch -k       = unknown
/usr/convex/getsysinfo = unknown
/usr/bin/hostinfo      = unknown
/bin/machine           = unknown
/usr/bin/oslevel       = unknown
/bin/universe          = unknown

PATH: /usr/local/sbin
PATH: /usr/local/bin
PATH: /usr/sbin
PATH: /usr/bin
PATH: /sbin
PATH: /bin
PATH: /snap/bin


## ----------- ##
## Core tests. ##
## ----------- ##

configure:2487: checking for a BSD-compatible install
configure:2555: result: /usr/bin/install -c
configure:2566: checking whether build environment is sane
configure:2616: result: yes
configure:2757: checking for a thread-safe mkdir -p
configure:2796: result: /bin/mkdir -p
configure:2809: checking for gawk
configure:2825: found /usr/bin/gawk
configure:2836: result: gawk
configure:2847: checking whether make sets $(MAKE)
configure:2869: result: yes
configure:2951: checking whether to enable maintainer-specific portions of Makefiles
configure:2960: result: no
configure:3022: checking for gcc
configure:3038: found /usr/bin/gcc
configure:3049: result: gcc
configure:3278: checking for C compiler version
configure:3287: gcc --version >&5
gcc (Ubuntu 5.4.0-6ubuntu1~16.04.9) 5.4.0 20160609
Copyright (C) 2015 Free Software Foundation, Inc.
This is free software; see the source for copying conditions.  There is NO
warranty; not even for MERCHANTABILITY or FITNESS FOR A PARTICULAR PURPOSE.

configure:3298: $? = 0
configure:3287: gcc -v >&5
Using built-in specs.
COLLECT_GCC=gcc
COLLECT_LTO_WRAPPER=/usr/lib/gcc/x86_64-linux-gnu/5/lto-wrapper
Target: x86_64-linux-gnu
Configured with: ../src/configure -v --with-pkgversion='Ubuntu 5.4.0-6ubuntu1~16.04.9' --with-bugurl=file:///usr/share/doc/gcc-5/README.Bugs --enable-languages=c,ada,c++,java,go,d,fortran,objc,obj-c++ --prefix=/usr --program-suffix=-5 --enable-shared --enable-linker-build-id --libexecdir=/usr/lib --without-included-gettext --enable-threads=posix --libdir=/usr/lib --enable-nls --with-sysroot=/ --enable-clocale=gnu --enable-libstdcxx-debug --enable-libstdcxx-time=yes --with-default-libstdcxx-abi=new --enable-gnu-unique-object --disable-vtable-verify --enable-libmpx --enable-plugin --with-system-zlib --disable-browser-plugin --enable-java-awt=gtk --enable-gtk-cairo --with-java-home=/usr/lib/jvm/java-1.5.0-gcj-5-amd64/jre --enable-java-home --with-jvm-root-dir=/usr/lib/jvm/java-1.5.0-gcj-5-amd64 --with-jvm-jar-dir=/usr/lib/jvm-exports/java-1.5.0-gcj-5-amd64 --with-arch-directory=amd64 --with-ecj-jar=/usr/share/java/eclipse-ecj.jar --enable-objc-gc --enable-multiarch --disable-werror --with-arch-32=i686 --with-abi=m64 --with-multilib-list=m32,m64,mx32 --enable-multilib --with-tune=generic --enable-checking=release --build=x86_64-linux-gnu --host=x86_64-linux-gnu --target=x86_64-linux-gnu
Thread model: posix
gcc version 5.4.0 20160609 (Ubuntu 5.4.0-6ubuntu1~16.04.9) 
configure:3298: $? = 0
configure:3287: gcc -V >&5
gcc: error: unrecognized command line option '-V'
gcc: fatal error: no input files
compilation terminated.
configure:3298: $? = 1
configure:3287: gcc -qversion >&5
gcc: error: unrecognized command line option '-qversion'
gcc: fatal error: no input files
compilation terminated.
configure:3298: $? = 1
configure:3318: checking whether the C compiler works
configure:3340: gcc    conftest.c  >&5
configure:3344: $? = 0
configure:3392: result: yes
configure:3395: checking for C compiler default output file name
configure:3397: result: a.out
configure:3403: checking for suffix of executables
configure:3410: gcc -o conftest    conftest.c  >&5
configure:3414: $? = 0
configure:3436: result: 
configure:3458: checking whether we are cross compiling
configure:3466: gcc -o conftest    conftest.c  >&5
configure:3470: $? = 0
configure:3477: ./conftest
configure:3481: $? = 0
configure:3496: result: no
configure:3501: checking for suffix of object files
configure:3523: gcc -c   conftest.c >&5
configure:3527: $? = 0
configure:3548: result: o
configure:3552: checking whether we are using the GNU C compiler
configure:3571: gcc -c   conftest.c >&5
configure:3571: $? = 0
configure:3580: result: yes
configure:3589: checking whether gcc accepts -g
configure:3609: gcc -c -g  conftest.c >&5
configure:3609: $? = 0
configure:3650: result: yes
configure:3667: checking for gcc option to accept ISO C89
configure:3730: gcc  -c -g -O2  conftest.c >&5
configure:3730: $? = 0
configure:3743: result: none needed
configure:3774: checking for style of include used by make
configure:3802: result: GNU
configure:3828: checking dependency style of gcc
configure:3939: result: gcc3
configure:4012: checking for g++
configure:4028: found /usr/bin/g++
configure:4039: result: g++
configure:4066: checking for C++ compiler version
configure:4075: g++ --version >&5
g++ (Ubuntu 5.4.0-6ubuntu1~16.04.9) 5.4.0 20160609
Copyright (C) 2015 Free Software Foundation, Inc.
This is free software; see the source for copying conditions.  There is NO
warranty; not even for MERCHANTABILITY or FITNESS FOR A PARTICULAR PURPOSE.

configure:4086: $? = 0
configure:4075: g++ -v >&5
Using built-in specs.
COLLECT_GCC=g++
COLLECT_LTO_WRAPPER=/usr/lib/gcc/x86_64-linux-gnu/5/lto-wrapper
Target: x86_64-linux-gnu
Configured with: ../src/configure -v --with-pkgversion='Ubuntu 5.4.0-6ubuntu1~16.04.9' --with-bugurl=file:///usr/share/doc/gcc-5/README.Bugs --enable-languages=c,ada,c++,java,go,d,fortran,objc,obj-c++ --prefix=/usr --program-suffix=-5 --enable-shared --enable-linker-build-id --libexecdir=/usr/lib --without-included-gettext --enable-threads=posix --libdir=/usr/lib --enable-nls --with-sysroot=/ --enable-clocale=gnu --enable-libstdcxx-debug --enable-libstdcxx-time=yes --with-default-libstdcxx-abi=new --enable-gnu-unique-object --disable-vtable-verify --enable-libmpx --enable-plugin --with-system-zlib --disable-browser-plugin --enable-java-awt=gtk --enable-gtk-cairo --with-java-home=/usr/lib/jvm/java-1.5.0-gcj-5-amd64/jre --enable-java-home --with-jvm-root-dir=/usr/lib/jvm/java-1.5.0-gcj-5-amd64 --with-jvm-jar-dir=/usr/lib/jvm-exports/java-1.5.0-gcj-5-amd64 --with-arch-directory=amd64 --with-ecj-jar=/usr/share/java/eclipse-ecj.jar --enable-objc-gc --enable-multiarch --disable-werror --with-arch-32=i686 --with-abi=m64 --with-multilib-list=m32,m64,mx32 --enable-multilib --with-tune=generic --enable-checking=release --build=x86_64-linux-gnu --host=x86_64-linux-gnu --target=x86_64-linux-gnu
Thread model: posix
gcc version 5.4.0 20160609 (Ubuntu 5.4.0-6ubuntu1~16.04.9) 
configure:4086: $? = 0
configure:4075: g++ -V >&5
g++: error: unrecognized command line option '-V'
g++: fatal error: no input files
compilation terminated.
configure:4086: $? = 1
configure:4075: g++ -qversion >&5
g++: error: unrecognized command line option '-qversion'
g++: fatal error: no input files
compilation terminated.
configure:4086: $? = 1
configure:4090: checking whether we are using the GNU C++ compiler
configure:4109: g++ -c   conftest.cpp >&5
configure:4109: $? = 0
configure:4118: result: yes
configure:4127: checking whether g++ accepts -g
configure:4147: g++ -c -g  conftest.cpp >&5
configure:4147: $? = 0
configure:4188: result: yes
configure:4213: checking dependency style of g++
configure:4324: result: gcc3
configure:4392: checking for g77
configure:4422: result: no
configure:4392: checking for xlf
configure:4422: result: no
configure:4392: checking for f77
configure:4408: found /usr/bin/f77
configure:4419: result: f77
configure:4445: checking for Fortran 77 compiler version
configure:4454: f77 --version >&5
GNU Fortran (Ubuntu 5.4.0-6ubuntu1~16.04.9) 5.4.0 20160609
Copyright (C) 2015 Free Software Foundation, Inc.

GNU Fortran comes with NO WARRANTY, to the extent permitted by law.
You may redistribute copies of GNU Fortran
under the terms of the GNU General Public License.
For more information about these matters, see the file named COPYING

configure:4465: $? = 0
configure:4454: f77 -v >&5
Using built-in specs.
COLLECT_GCC=f77
COLLECT_LTO_WRAPPER=/usr/lib/gcc/x86_64-linux-gnu/5/lto-wrapper
Target: x86_64-linux-gnu
Configured with: ../src/configure -v --with-pkgversion='Ubuntu 5.4.0-6ubuntu1~16.04.9' --with-bugurl=file:///usr/share/doc/gcc-5/README.Bugs --enable-languages=c,ada,c++,java,go,d,fortran,objc,obj-c++ --prefix=/usr --program-suffix=-5 --enable-shared --enable-linker-build-id --libexecdir=/usr/lib --without-included-gettext --enable-threads=posix --libdir=/usr/lib --enable-nls --with-sysroot=/ --enable-clocale=gnu --enable-libstdcxx-debug --enable-libstdcxx-time=yes --with-default-libstdcxx-abi=new --enable-gnu-unique-object --disable-vtable-verify --enable-libmpx --enable-plugin --with-system-zlib --disable-browser-plugin --enable-java-awt=gtk --enable-gtk-cairo --with-java-home=/usr/lib/jvm/java-1.5.0-gcj-5-amd64/jre --enable-java-home --with-jvm-root-dir=/usr/lib/jvm/java-1.5.0-gcj-5-amd64 --with-jvm-jar-dir=/usr/lib/jvm-exports/java-1.5.0-gcj-5-amd64 --with-arch-directory=amd64 --with-ecj-jar=/usr/share/java/eclipse-ecj.jar --enable-objc-gc --enable-multiarch --disable-werror --with-arch-32=i686 --with-abi=m64 --with-multilib-list=m32,m64,mx32 --enable-multilib --with-tune=generic --enable-checking=release --build=x86_64-linux-gnu --host=x86_64-linux-gnu --target=x86_64-linux-gnu
Thread model: posix
gcc version 5.4.0 20160609 (Ubuntu 5.4.0-6ubuntu1~16.04.9) 
configure:4465: $? = 0
configure:4454: f77 -V >&5
f77: error: unrecognized command line option '-V'
f77: fatal error: no input files
compilation terminated.
configure:4465: $? = 1
configure:4454: f77 -qversion >&5
f77: error: unrecognized command line option '-qversion'
f77: fatal error: no input files
compilation terminated.
configure:4465: $? = 1
configure:4474: checking whether we are using the GNU Fortran 77 compiler
configure:4487: f77 -c  conftest.F >&5
configure:4487: $? = 0
configure:4496: result: yes
configure:4502: checking whether f77 accepts -g
configure:4513: f77 -c -g conftest.f >&5
configure:4513: $? = 0
configure:4521: result: yes
configure:4555: checking build system type
configure:4569: result: x86_64-unknown-linux-gnu
configure:4589: checking host system type
configure:4602: result: x86_64-unknown-linux-gnu
configure:4627: checking how to get verbose linking output from f77
configure:4637: f77 -c -g -O2 conftest.f >&5
configure:4637: $? = 0
configure:4655: f77 -o conftest -g -O2 -v conftest.f
Using built-in specs.
Target: x86_64-linux-gnu
Thread model: posix
gcc version 5.4.0 20160609 (Ubuntu 5.4.0-6ubuntu1~16.04.9) 
 /usr/lib/gcc/x86_64-linux-gnu/5/f951 conftest.f -ffixed-form -quiet -dumpbase conftest.f -mtune=generic -march=x86-64 -auxbase conftest -g -O2 -version -fintrinsic-modules-path /usr/lib/gcc/x86_64-linux-gnu/5/finclude -o /tmp/ccwbuxSs.s
GNU Fortran (Ubuntu 5.4.0-6ubuntu1~16.04.9) version 5.4.0 20160609 (x86_64-linux-gnu)
	compiled by GNU C version 5.4.0 20160609, GMP version 6.1.0, MPFR version 3.1.4, MPC version 1.0.3
GGC heuristics: --param ggc-min-expand=100 --param ggc-min-heapsize=131072
GNU Fortran2008 (Ubuntu 5.4.0-6ubuntu1~16.04.9) version 5.4.0 20160609 (x86_64-linux-gnu)
	compiled by GNU C version 5.4.0 20160609, GMP version 6.1.0, MPFR version 3.1.4, MPC version 1.0.3
GGC heuristics: --param ggc-min-expand=100 --param ggc-min-heapsize=131072
 as -v --64 -o /tmp/ccAOqOmF.o /tmp/ccwbuxSs.s
GNU assembler version 2.26.1 (x86_64-linux-gnu) using BFD version (GNU Binutils for Ubuntu) 2.26.1
Reading specs from /usr/lib/gcc/x86_64-linux-gnu/5/libgfortran.spec
rename spec lib to liborig
 /usr/lib/gcc/x86_64-linux-gnu/5/collect2 -plugin /usr/lib/gcc/x86_64-linux-gnu/5/liblto_plugin.so -plugin-opt=/usr/lib/gcc/x86_64-linux-gnu/5/lto-wrapper -plugin-opt=-fresolution=/tmp/ccUIPXRR.res -plugin-opt=-pass-through=-lgcc_s -plugin-opt=-pass-through=-lgcc -plugin-opt=-pass-through=-lquadmath -plugin-opt=-pass-through=-lm -plugin-opt=-pass-through=-lgcc_s -plugin-opt=-pass-through=-lgcc -plugin-opt=-pass-through=-lc -plugin-opt=-pass-through=-lgcc_s -plugin-opt=-pass-through=-lgcc --sysroot=/ --build-id --eh-frame-hdr -m elf_x86_64 --hash-style=gnu --as-needed -dynamic-linker /lib64/ld-linux-x86-64.so.2 -z relro -o conftest /usr/lib/gcc/x86_64-linux-gnu/5/../../../x86_64-linux-gnu/crt1.o /usr/lib/gcc/x86_64-linux-gnu/5/../../../x86_64-linux-gnu/crti.o /usr/lib/gcc/x86_64-linux-gnu/5/crtbegin.o -L/usr/lib/gcc/x86_64-linux-gnu/5 -L/usr/lib/gcc/x86_64-linux-gnu/5/../../../x86_64-linux-gnu -L/usr/lib/gcc/x86_64-linux-gnu/5/../../../../lib -L/lib/x86_64-linux-gnu -L/lib/../lib -L/usr/lib/x86_64-linux-gnu -L/usr/lib/../lib -L/usr/lib/gcc/x86_64-linux-gnu/5/../../.. /tmp/ccAOqOmF.o -lgfortran -lm -lgcc_s -lgcc -lquadmath -lm -lgcc_s -lgcc -lc -lgcc_s -lgcc /usr/lib/gcc/x86_64-linux-gnu/5/crtend.o /usr/lib/gcc/x86_64-linux-gnu/5/../../../x86_64-linux-gnu/crtn.o
configure:4738: result: -v
configure:4740: checking for Fortran 77 libraries of f77
configure:4763: f77 -o conftest -g -O2 -v conftest.f
Using built-in specs.
Target: x86_64-linux-gnu
Thread model: posix
gcc version 5.4.0 20160609 (Ubuntu 5.4.0-6ubuntu1~16.04.9) 
 /usr/lib/gcc/x86_64-linux-gnu/5/f951 conftest.f -ffixed-form -quiet -dumpbase conftest.f -mtune=generic -march=x86-64 -auxbase conftest -g -O2 -version -fintrinsic-modules-path /usr/lib/gcc/x86_64-linux-gnu/5/finclude -o /tmp/ccGDS3St.s
GNU Fortran (Ubuntu 5.4.0-6ubuntu1~16.04.9) version 5.4.0 20160609 (x86_64-linux-gnu)
	compiled by GNU C version 5.4.0 20160609, GMP version 6.1.0, MPFR version 3.1.4, MPC version 1.0.3
GGC heuristics: --param ggc-min-expand=100 --param ggc-min-heapsize=131072
GNU Fortran2008 (Ubuntu 5.4.0-6ubuntu1~16.04.9) version 5.4.0 20160609 (x86_64-linux-gnu)
	compiled by GNU C version 5.4.0 20160609, GMP version 6.1.0, MPFR version 3.1.4, MPC version 1.0.3
GGC heuristics: --param ggc-min-expand=100 --param ggc-min-heapsize=131072
 as -v --64 -o /tmp/cckilnDG.o /tmp/ccGDS3St.s
GNU assembler version 2.26.1 (x86_64-linux-gnu) using BFD version (GNU Binutils for Ubuntu) 2.26.1
Reading specs from /usr/lib/gcc/x86_64-linux-gnu/5/libgfortran.spec
rename spec lib to liborig
 /usr/lib/gcc/x86_64-linux-gnu/5/collect2 -plugin /usr/lib/gcc/x86_64-linux-gnu/5/liblto_plugin.so -plugin-opt=/usr/lib/gcc/x86_64-linux-gnu/5/lto-wrapper -plugin-opt=-fresolution=/tmp/ccFHY4oT.res -plugin-opt=-pass-through=-lgcc_s -plugin-opt=-pass-through=-lgcc -plugin-opt=-pass-through=-lquadmath -plugin-opt=-pass-through=-lm -plugin-opt=-pass-through=-lgcc_s -plugin-opt=-pass-through=-lgcc -plugin-opt=-pass-through=-lc -plugin-opt=-pass-through=-lgcc_s -plugin-opt=-pass-through=-lgcc --sysroot=/ --build-id --eh-frame-hdr -m elf_x86_64 --hash-style=gnu --as-needed -dynamic-linker /lib64/ld-linux-x86-64.so.2 -z relro -o conftest /usr/lib/gcc/x86_64-linux-gnu/5/../../../x86_64-linux-gnu/crt1.o /usr/lib/gcc/x86_64-linux-gnu/5/../../../x86_64-linux-gnu/crti.o /usr/lib/gcc/x86_64-linux-gnu/5/crtbegin.o -L/usr/lib/gcc/x86_64-linux-gnu/5 -L/usr/lib/gcc/x86_64-linux-gnu/5/../../../x86_64-linux-gnu -L/usr/lib/gcc/x86_64-linux-gnu/5/../../../../lib -L/lib/x86_64-linux-gnu -L/lib/../lib -L/usr/lib/x86_64-linux-gnu -L/usr/lib/../lib -L/usr/lib/gcc/x86_64-linux-gnu/5/../../.. /tmp/cckilnDG.o -lgfortran -lm -lgcc_s -lgcc -lquadmath -lm -lgcc_s -lgcc -lc -lgcc_s -lgcc /usr/lib/gcc/x86_64-linux-gnu/5/crtend.o /usr/lib/gcc/x86_64-linux-gnu/5/../../../x86_64-linux-gnu/crtn.o
configure:4959: result:  -L/usr/lib/gcc/x86_64-linux-gnu/5 -L/usr/lib/gcc/x86_64-linux-gnu/5/../../../x86_64-linux-gnu -L/usr/lib/gcc/x86_64-linux-gnu/5/../../../../lib -L/lib/x86_64-linux-gnu -L/lib/../lib -L/usr/lib/x86_64-linux-gnu -L/usr/lib/../lib -L/usr/lib/gcc/x86_64-linux-gnu/5/../../.. -lgfortran -lm -lquadmath
configure:4976: checking for dummy main to link with Fortran 77 libraries
configure:5010: gcc -o conftest -g -O2   conftest.c   -L/usr/lib/gcc/x86_64-linux-gnu/5 -L/usr/lib/gcc/x86_64-linux-gnu/5/../../../x86_64-linux-gnu -L/usr/lib/gcc/x86_64-linux-gnu/5/../../../../lib -L/lib/x86_64-linux-gnu -L/lib/../lib -L/usr/lib/x86_64-linux-gnu -L/usr/lib/../lib -L/usr/lib/gcc/x86_64-linux-gnu/5/../../.. -lgfortran -lm -lquadmath >&5
configure:5010: $? = 0
configure:5055: result: none
configure:5088: checking for Fortran 77 name-mangling scheme
configure:5101: f77 -c -g -O2 conftest.f >&5
configure:5101: $? = 0
configure:5142: gcc -o conftest -g -O2   conftest.c cfortran_test.o   -L/usr/lib/gcc/x86_64-linux-gnu/5 -L/usr/lib/gcc/x86_64-linux-gnu/5/../../../x86_64-linux-gnu -L/usr/lib/gcc/x86_64-linux-gnu/5/../../../../lib -L/lib/x86_64-linux-gnu -L/lib/../lib -L/usr/lib/x86_64-linux-gnu -L/usr/lib/../lib -L/usr/lib/gcc/x86_64-linux-gnu/5/../../.. -lgfortran -lm -lquadmath >&5
/tmp/ccoTOwJR.o: In function `main':
/home/boyan/Dissertation/dissertation-main/dissertation-jaspervc/mitlm-0.4.1/conftest.c:30: undefined reference to `foobar'
collect2: error: ld returned 1 exit status
configure:5142: $? = 1
configure: failed program was:
| /* confdefs.h */
| #define PACKAGE_NAME "MIT Language Modeling Toolkit"
| #define PACKAGE_TARNAME "mitlm"
| #define PACKAGE_VERSION "0.4.1"
| #define PACKAGE_STRING "MIT Language Modeling Toolkit 0.4.1"
| #define PACKAGE_BUGREPORT "mitlm-dev@googlegroups.com"
| #define PACKAGE_URL ""
| #define PACKAGE "mitlm"
| #define VERSION "0.4.1"
| /* end confdefs.h.  */
| 
| /* Override any GCC internal prototype to avoid an error.
|    Use char because int might match the return type of a GCC
|    builtin and then its argument prototype would still apply.  */
| #ifdef __cplusplus
| extern "C"
| #endif
| char foobar ();
| #ifdef F77_DUMMY_MAIN
| 
| #  ifdef __cplusplus
|      extern "C"
| #  endif
|    int F77_DUMMY_MAIN() { return 1; }
| 
| #endif
| int
| main ()
| {
| return foobar ();
|   ;
|   return 0;
| }
configure:5142: gcc -o conftest -g -O2   conftest.c cfortran_test.o   -L/usr/lib/gcc/x86_64-linux-gnu/5 -L/usr/lib/gcc/x86_64-linux-gnu/5/../../../x86_64-linux-gnu -L/usr/lib/gcc/x86_64-linux-gnu/5/../../../../lib -L/lib/x86_64-linux-gnu -L/lib/../lib -L/usr/lib/x86_64-linux-gnu -L/usr/lib/../lib -L/usr/lib/gcc/x86_64-linux-gnu/5/../../.. -lgfortran -lm -lquadmath >&5
configure:5142: $? = 0
configure:5200: gcc -o conftest -g -O2   conftest.c cfortran_test.o   -L/usr/lib/gcc/x86_64-linux-gnu/5 -L/usr/lib/gcc/x86_64-linux-gnu/5/../../../x86_64-linux-gnu -L/usr/lib/gcc/x86_64-linux-gnu/5/../../../../lib -L/lib/x86_64-linux-gnu -L/lib/../lib -L/usr/lib/x86_64-linux-gnu -L/usr/lib/../lib -L/usr/lib/gcc/x86_64-linux-gnu/5/../../.. -lgfortran -lm -lquadmath >&5
configure:5200: $? = 0
configure:5242: result: lower case, underscore, no extra underscore
configure:5658: checking how to print strings
configure:5685: result: printf
configure:5706: checking for a sed that does not truncate output
configure:5770: result: /bin/sed
configure:5788: checking for grep that handles long lines and -e
configure:5846: result: /bin/grep
configure:5851: checking for egrep
configure:5913: result: /bin/grep -E
configure:5918: checking for fgrep
configure:5980: result: /bin/grep -F
configure:6015: checking for ld used by gcc
configure:6082: result: /usr/bin/ld
configure:6089: checking if the linker (/usr/bin/ld) is GNU ld
configure:6104: result: yes
configure:6116: checking for BSD- or MS-compatible name lister (nm)
configure:6165: result: /usr/bin/nm -B
configure:6295: checking the name lister (/usr/bin/nm -B) interface
configure:6302: gcc -c -g -O2  conftest.c >&5
configure:6305: /usr/bin/nm -B "conftest.o"
configure:6308: output
0000000000000000 B some_variable
configure:6315: result: BSD nm
configure:6318: checking whether ln -s works
configure:6322: result: yes
configure:6330: checking the maximum length of command line arguments
configure:6460: result: 1572864
configure:6477: checking whether the shell understands some XSI constructs
configure:6487: result: yes
configure:6491: checking whether the shell understands "+="
configure:6497: result: yes
configure:6532: checking how to convert x86_64-unknown-linux-gnu file names to x86_64-unknown-linux-gnu format
configure:6572: result: func_convert_file_noop
configure:6579: checking how to convert x86_64-unknown-linux-gnu file names to toolchain format
configure:6599: result: func_convert_file_noop
configure:6606: checking for /usr/bin/ld option to reload object files
configure:6613: result: -r
configure:6687: checking for objdump
configure:6714: result: objdump
configure:6743: checking how to recognize dependent libraries
configure:6941: result: pass_all
configure:7026: checking for dlltool
configure:7053: result: dlltool
configure:7083: checking how to associate runtime and link libraries
configure:7110: result: printf %s\n
configure:7170: checking for ar
configure:7186: found /usr/bin/ar
configure:7197: result: ar
configure:7234: checking for archiver @FILE support
configure:7259: gcc -c -g -O2  conftest.c >&5
configure:7259: $? = 0
configure:7262: ar cru libconftest.a @conftest.lst >&5
ar: `u' modifier ignored since `D' is the default (see `U')
configure:7265: $? = 0
configure:7270: ar cru libconftest.a @conftest.lst >&5
ar: `u' modifier ignored since `D' is the default (see `U')
ar: conftest.o: No such file or directory
configure:7273: $? = 1
configure:7285: result: @
configure:7343: checking for strip
configure:7359: found /usr/bin/strip
configure:7370: result: strip
configure:7442: checking for ranlib
configure:7458: found /usr/bin/ranlib
configure:7469: result: ranlib
configure:7571: checking command to parse /usr/bin/nm -B output from gcc object
configure:7691: gcc -c -g -O2  conftest.c >&5
configure:7694: $? = 0
configure:7698: /usr/bin/nm -B conftest.o \| sed -n -e 's/^.*[ ]\([ABCDGIRSTW][ABCDGIRSTW]*\)[ ][ ]*\([_A-Za-z][_A-Za-z0-9]*\)$/\1 \2 \2/p' | sed '/ __gnu_lto/d' \> conftest.nm
configure:7701: $? = 0
configure:7767: gcc -o conftest -g -O2   conftest.c conftstm.o >&5
configure:7770: $? = 0
configure:7808: result: ok
configure:7845: checking for sysroot
configure:7875: result: no
configure:7952: gcc -c -g -O2  conftest.c >&5
configure:7955: $? = 0
configure:8139: checking for mt
configure:8155: found /bin/mt
configure:8166: result: mt
configure:8189: checking if mt is a manifest tool
configure:8195: mt '-?'
configure:8203: result: no
configure:8853: checking how to run the C preprocessor
configure:8884: gcc -E  conftest.c
configure:8884: $? = 0
configure:8898: gcc -E  conftest.c
conftest.c:13:28: fatal error: ac_nonexistent.h: No such file or directory
compilation terminated.
configure:8898: $? = 1
configure: failed program was:
| /* confdefs.h */
| #define PACKAGE_NAME "MIT Language Modeling Toolkit"
| #define PACKAGE_TARNAME "mitlm"
| #define PACKAGE_VERSION "0.4.1"
| #define PACKAGE_STRING "MIT Language Modeling Toolkit 0.4.1"
| #define PACKAGE_BUGREPORT "mitlm-dev@googlegroups.com"
| #define PACKAGE_URL ""
| #define PACKAGE "mitlm"
| #define VERSION "0.4.1"
| #define F77_FUNC(name,NAME) name ## _
| #define F77_FUNC_(name,NAME) name ## _
| /* end confdefs.h.  */
| #include <ac_nonexistent.h>
configure:8923: result: gcc -E
configure:8943: gcc -E  conftest.c
configure:8943: $? = 0
configure:8957: gcc -E  conftest.c
conftest.c:13:28: fatal error: ac_nonexistent.h: No such file or directory
compilation terminated.
configure:8957: $? = 1
configure: failed program was:
| /* confdefs.h */
| #define PACKAGE_NAME "MIT Language Modeling Toolkit"
| #define PACKAGE_TARNAME "mitlm"
| #define PACKAGE_VERSION "0.4.1"
| #define PACKAGE_STRING "MIT Language Modeling Toolkit 0.4.1"
| #define PACKAGE_BUGREPORT "mitlm-dev@googlegroups.com"
| #define PACKAGE_URL ""
| #define PACKAGE "mitlm"
| #define VERSION "0.4.1"
| #define F77_FUNC(name,NAME) name ## _
| #define F77_FUNC_(name,NAME) name ## _
| /* end confdefs.h.  */
| #include <ac_nonexistent.h>
configure:8986: checking for ANSI C header files
configure:9014: gcc -c -g -O2  conftest.c >&5
configure:9014: $? = 0
configure:9087: gcc -o conftest -g -O2   conftest.c  >&5
configure:9087: $? = 0
configure:9087: ./conftest
configure:9087: $? = 0
configure:9098: result: yes
configure:9111: checking for sys/types.h
configure:9111: gcc -c -g -O2  conftest.c >&5
configure:9111: $? = 0
configure:9111: result: yes
configure:9111: checking for sys/stat.h
configure:9111: gcc -c -g -O2  conftest.c >&5
configure:9111: $? = 0
configure:9111: result: yes
configure:9111: checking for stdlib.h
configure:9111: gcc -c -g -O2  conftest.c >&5
configure:9111: $? = 0
configure:9111: result: yes
configure:9111: checking for string.h
configure:9111: gcc -c -g -O2  conftest.c >&5
configure:9111: $? = 0
configure:9111: result: yes
configure:9111: checking for memory.h
configure:9111: gcc -c -g -O2  conftest.c >&5
configure:9111: $? = 0
configure:9111: result: yes
configure:9111: checking for strings.h
configure:9111: gcc -c -g -O2  conftest.c >&5
configure:9111: $? = 0
configure:9111: result: yes
configure:9111: checking for inttypes.h
configure:9111: gcc -c -g -O2  conftest.c >&5
configure:9111: $? = 0
configure:9111: result: yes
configure:9111: checking for stdint.h
configure:9111: gcc -c -g -O2  conftest.c >&5
configure:9111: $? = 0
configure:9111: result: yes
configure:9111: checking for unistd.h
configure:9111: gcc -c -g -O2  conftest.c >&5
configure:9111: $? = 0
configure:9111: result: yes
configure:9125: checking for dlfcn.h
configure:9125: gcc -c -g -O2  conftest.c >&5
configure:9125: $? = 0
configure:9125: result: yes
configure:9340: checking for objdir
configure:9355: result: .libs
configure:9622: checking if gcc supports -fno-rtti -fno-exceptions
configure:9640: gcc -c -g -O2  -fno-rtti -fno-exceptions conftest.c >&5
cc1: warning: command line option '-fno-rtti' is valid for C++/ObjC++ but not for C
configure:9644: $? = 0
configure:9657: result: no
configure:9984: checking for gcc option to produce PIC
configure:9991: result: -fPIC -DPIC
configure:9999: checking if gcc PIC flag -fPIC -DPIC works
configure:10017: gcc -c -g -O2  -fPIC -DPIC -DPIC conftest.c >&5
configure:10021: $? = 0
configure:10034: result: yes
configure:10063: checking if gcc static flag -static works
configure:10091: result: yes
configure:10106: checking if gcc supports -c -o file.o
configure:10127: gcc -c -g -O2  -o out/conftest2.o conftest.c >&5
configure:10131: $? = 0
configure:10153: result: yes
configure:10161: checking if gcc supports -c -o file.o
configure:10208: result: yes
configure:10241: checking whether the gcc linker (/usr/bin/ld -m elf_x86_64) supports shared libraries
configure:11414: result: yes
configure:11451: checking whether -lc should be explicitly linked in
configure:11459: gcc -c -g -O2  conftest.c >&5
configure:11462: $? = 0
configure:11477: gcc -shared  -fPIC -DPIC conftest.o  -v -Wl,-soname -Wl,conftest -o conftest 2\>\&1 \| /bin/grep  -lc  \>/dev/null 2\>\&1
configure:11480: $? = 0
configure:11494: result: no
configure:11654: checking dynamic linker characteristics
configure:12162: gcc -o conftest -g -O2   -Wl,-rpath -Wl,/foo conftest.c  >&5
configure:12162: $? = 0
configure:12396: result: GNU/Linux ld.so
configure:12503: checking how to hardcode library paths into programs
configure:12528: result: immediate
configure:13108: checking whether stripping libraries is possible
configure:13113: result: yes
configure:13148: checking if libtool supports shared libraries
configure:13150: result: yes
configure:13153: checking whether to build shared libraries
configure:13174: result: yes
configure:13177: checking whether to build static libraries
configure:13181: result: yes
configure:13204: checking how to run the C++ preprocessor
configure:13231: g++ -E  conftest.cpp
configure:13231: $? = 0
configure:13245: g++ -E  conftest.cpp
conftest.cpp:25:28: fatal error: ac_nonexistent.h: No such file or directory
compilation terminated.
configure:13245: $? = 1
configure: failed program was:
| /* confdefs.h */
| #define PACKAGE_NAME "MIT Language Modeling Toolkit"
| #define PACKAGE_TARNAME "mitlm"
| #define PACKAGE_VERSION "0.4.1"
| #define PACKAGE_STRING "MIT Language Modeling Toolkit 0.4.1"
| #define PACKAGE_BUGREPORT "mitlm-dev@googlegroups.com"
| #define PACKAGE_URL ""
| #define PACKAGE "mitlm"
| #define VERSION "0.4.1"
| #define F77_FUNC(name,NAME) name ## _
| #define F77_FUNC_(name,NAME) name ## _
| #define STDC_HEADERS 1
| #define HAVE_SYS_TYPES_H 1
| #define HAVE_SYS_STAT_H 1
| #define HAVE_STDLIB_H 1
| #define HAVE_STRING_H 1
| #define HAVE_MEMORY_H 1
| #define HAVE_STRINGS_H 1
| #define HAVE_INTTYPES_H 1
| #define HAVE_STDINT_H 1
| #define HAVE_UNISTD_H 1
| #define HAVE_DLFCN_H 1
| #define LT_OBJDIR ".libs/"
| /* end confdefs.h.  */
| #include <ac_nonexistent.h>
configure:13270: result: g++ -E
configure:13290: g++ -E  conftest.cpp
configure:13290: $? = 0
configure:13304: g++ -E  conftest.cpp
conftest.cpp:25:28: fatal error: ac_nonexistent.h: No such file or directory
compilation terminated.
configure:13304: $? = 1
configure: failed program was:
| /* confdefs.h */
| #define PACKAGE_NAME "MIT Language Modeling Toolkit"
| #define PACKAGE_TARNAME "mitlm"
| #define PACKAGE_VERSION "0.4.1"
| #define PACKAGE_STRING "MIT Language Modeling Toolkit 0.4.1"
| #define PACKAGE_BUGREPORT "mitlm-dev@googlegroups.com"
| #define PACKAGE_URL ""
| #define PACKAGE "mitlm"
| #define VERSION "0.4.1"
| #define F77_FUNC(name,NAME) name ## _
| #define F77_FUNC_(name,NAME) name ## _
| #define STDC_HEADERS 1
| #define HAVE_SYS_TYPES_H 1
| #define HAVE_SYS_STAT_H 1
| #define HAVE_STDLIB_H 1
| #define HAVE_STRING_H 1
| #define HAVE_MEMORY_H 1
| #define HAVE_STRINGS_H 1
| #define HAVE_INTTYPES_H 1
| #define HAVE_STDINT_H 1
| #define HAVE_UNISTD_H 1
| #define HAVE_DLFCN_H 1
| #define LT_OBJDIR ".libs/"
| /* end confdefs.h.  */
| #include <ac_nonexistent.h>
configure:13473: checking for ld used by g++
configure:13540: result: /usr/bin/ld -m elf_x86_64
configure:13547: checking if the linker (/usr/bin/ld -m elf_x86_64) is GNU ld
configure:13562: result: yes
configure:13617: checking whether the g++ linker (/usr/bin/ld -m elf_x86_64) supports shared libraries
configure:14635: result: yes
configure:14671: g++ -c -g -O2  conftest.cpp >&5
configure:14674: $? = 0
configure:15194: checking for g++ option to produce PIC
configure:15201: result: -fPIC -DPIC
configure:15209: checking if g++ PIC flag -fPIC -DPIC works
configure:15227: g++ -c -g -O2  -fPIC -DPIC -DPIC conftest.cpp >&5
configure:15231: $? = 0
configure:15244: result: yes
configure:15267: checking if g++ static flag -static works
configure:15295: result: yes
configure:15307: checking if g++ supports -c -o file.o
configure:15328: g++ -c -g -O2  -o out/conftest2.o conftest.cpp >&5
configure:15332: $? = 0
configure:15354: result: yes
configure:15359: checking if g++ supports -c -o file.o
configure:15406: result: yes
configure:15436: checking whether the g++ linker (/usr/bin/ld -m elf_x86_64) supports shared libraries
configure:15475: result: yes
configure:15616: checking dynamic linker characteristics
configure:16292: result: GNU/Linux ld.so
configure:16345: checking how to hardcode library paths into programs
configure:16370: result: immediate
configure:16518: checking if libtool supports shared libraries
configure:16520: result: yes
configure:16523: checking whether to build shared libraries
configure:16543: result: yes
configure:16546: checking whether to build static libraries
configure:16550: result: yes
configure:16871: checking for f77 option to produce PIC
configure:16878: result: -fPIC
configure:16886: checking if f77 PIC flag -fPIC works
configure:16904: f77 -c -g -O2 -fPIC conftest.f >&5
configure:16908: $? = 0
configure:16921: result: yes
configure:16944: checking if f77 static flag -static works
configure:16972: result: yes
configure:16984: checking if f77 supports -c -o file.o
configure:17005: f77 -c -g -O2 -o out/conftest2.o conftest.f >&5
configure:17009: $? = 0
configure:17031: result: yes
configure:17036: checking if f77 supports -c -o file.o
configure:17083: result: yes
configure:17113: checking whether the f77 linker (/usr/bin/ld -m elf_x86_64) supports shared libraries
configure:18220: result: yes
configure:18361: checking dynamic linker characteristics
configure:19023: result: GNU/Linux ld.so
configure:19076: checking how to hardcode library paths into programs
configure:19101: result: immediate
configure:19157: checking for string.h
configure:19157: result: yes
configure:19157: checking math.h usability
configure:19157: gcc -c -g -O2  conftest.c >&5
configure:19157: $? = 0
configure:19157: result: yes
configure:19157: checking math.h presence
configure:19157: gcc -E  conftest.c
configure:19157: $? = 0
configure:19157: result: yes
configure:19157: checking for math.h
configure:19157: result: yes
configure:19167: checking for ANSI C header files
configure:19279: result: yes
configure:19290: checking for inline
configure:19306: gcc -c -g -O2  conftest.c >&5
configure:19306: $? = 0
configure:19314: result: inline
configure:19333: checking whether gcc and cc understand -c and -o together
configure:19372: gcc -c conftest.c -o conftest2.o >&5
configure:19376: $? = 0
configure:19382: gcc -c conftest.c -o conftest2.o >&5
configure:19386: $? = 0
configure:19397: cc -c conftest.c >&5
configure:19401: $? = 0
configure:19409: cc -c conftest.c -o conftest2.o >&5
configure:19413: $? = 0
configure:19419: cc -c conftest.c -o conftest2.o >&5
configure:19423: $? = 0
configure:19441: result: yes
configure:19467: checking for working memcmp
configure:19518: gcc -o conftest -g -O2   conftest.c  >&5
configure:19518: $? = 0
configure:19518: ./conftest
configure:19518: $? = 0
configure:19528: result: yes
configure:19539: checking for stdlib.h
configure:19539: result: yes
configure:19549: checking for GNU libc compatible malloc
configure:19581: gcc -o conftest -g -O2   conftest.c  >&5
configure:19581: $? = 0
configure:19581: ./conftest
configure:19581: $? = 0
configure:19591: result: yes
configure:19614: checking for stdlib.h
configure:19614: result: yes
configure:19624: checking for GNU libc compatible realloc
configure:19656: gcc -o conftest -g -O2   conftest.c  >&5
configure:19656: $? = 0
configure:19656: ./conftest
configure:19656: $? = 0
configure:19666: result: yes
configure:19692: checking wheter we have __builtin_clzl
configure:19717: gcc -o conftest -g -O2   conftest.c  >&5
configure:19717: $? = 0
configure:19725: result: yes
configure:19735: checking wheter we have X86_ASM
configure:19765: gcc -o conftest -g -O2   conftest.c  >&5
In file included from conftest.c:36:0:
src/util/BitOps.h:39:1: error: unknown type name 'namespace'
 namespace mitlm {
 ^
src/util/BitOps.h:39:17: error: expected '=', ',', ';', 'asm' or '__attribute__' before '{' token
 namespace mitlm {
                 ^
conftest.c: In function 'main':
conftest.c:50:25: warning: implicit declaration of function 'find_last_bit_set' [-Wimplicit-function-declaration]
 int main(void) { return find_last_bit_set(2)-2 ; }
                         ^
configure:19765: $? = 1
configure: failed program was:
| /* confdefs.h */
| #define PACKAGE_NAME "MIT Language Modeling Toolkit"
| #define PACKAGE_TARNAME "mitlm"
| #define PACKAGE_VERSION "0.4.1"
| #define PACKAGE_STRING "MIT Language Modeling Toolkit 0.4.1"
| #define PACKAGE_BUGREPORT "mitlm-dev@googlegroups.com"
| #define PACKAGE_URL ""
| #define PACKAGE "mitlm"
| #define VERSION "0.4.1"
| #define F77_FUNC(name,NAME) name ## _
| #define F77_FUNC_(name,NAME) name ## _
| #define STDC_HEADERS 1
| #define HAVE_SYS_TYPES_H 1
| #define HAVE_SYS_STAT_H 1
| #define HAVE_STDLIB_H 1
| #define HAVE_STRING_H 1
| #define HAVE_MEMORY_H 1
| #define HAVE_STRINGS_H 1
| #define HAVE_INTTYPES_H 1
| #define HAVE_STDINT_H 1
| #define HAVE_UNISTD_H 1
| #define HAVE_DLFCN_H 1
| #define LT_OBJDIR ".libs/"
| #define HAVE_STRING_H 1
| #define HAVE_MATH_H 1
| #define STDC_HEADERS 1
| #define HAVE_STDLIB_H 1
| #define HAVE_MALLOC 1
| #define HAVE_STDLIB_H 1
| #define HAVE_REALLOC 1
| #define HAVE___BUILTIN_CLZL 1
| /* end confdefs.h.  */
| 
| #define bool int
| #define HAVE_X86_ASM 1
| #include "src/util/BitOps.h"
| unsigned long x = 2;
| 
| #ifdef F77_DUMMY_MAIN
| 
| #  ifdef __cplusplus
|      extern "C"
| #  endif
|    int F77_DUMMY_MAIN() { return 1; }
| 
| #endif
| int
| main ()
| {
| int main(void) { return find_last_bit_set(2)-2 ; }
| 
|   ;
|   return 0;
| }
configure:19773: result: no
configure:19962: creating ./config.status

## ---------------------- ##
## Running config.status. ##
## ---------------------- ##

This file was extended by MIT Language Modeling Toolkit config.status 0.4.1, which was
generated by GNU Autoconf 2.69.  Invocation command line was

  CONFIG_FILES    = 
  CONFIG_HEADERS  = 
  CONFIG_LINKS    = 
  CONFIG_COMMANDS = 
  $ ./config.status 

on boyan-N56VB

config.status:1128: creating Makefile
config.status:1128: creating tests/test1.test
config.status:1300: executing depfiles commands
config.status:1300: executing libtool commands

## ---------------- ##
## Cache variables. ##
## ---------------- ##

ac_cv_build=x86_64-unknown-linux-gnu
ac_cv_c_compiler_gnu=yes
ac_cv_c_inline=inline
ac_cv_cxx_compiler_gnu=yes
ac_cv_env_CCC_set=
ac_cv_env_CCC_value=
ac_cv_env_CC_set=
ac_cv_env_CC_value=
ac_cv_env_CFLAGS_set=
ac_cv_env_CFLAGS_value=
ac_cv_env_CPPFLAGS_set=
ac_cv_env_CPPFLAGS_value=
ac_cv_env_CPP_set=
ac_cv_env_CPP_value=
ac_cv_env_CXXCPP_set=
ac_cv_env_CXXCPP_value=
ac_cv_env_CXXFLAGS_set=
ac_cv_env_CXXFLAGS_value=
ac_cv_env_CXX_set=
ac_cv_env_CXX_value=
ac_cv_env_F77_set=
ac_cv_env_F77_value=
ac_cv_env_FFLAGS_set=
ac_cv_env_FFLAGS_value=
ac_cv_env_LDFLAGS_set=
ac_cv_env_LDFLAGS_value=
ac_cv_env_LIBS_set=
ac_cv_env_LIBS_value=
ac_cv_env_build_alias_set=
ac_cv_env_build_alias_value=
ac_cv_env_host_alias_set=
ac_cv_env_host_alias_value=
ac_cv_env_target_alias_set=
ac_cv_env_target_alias_value=
ac_cv_f77_compiler_gnu=yes
ac_cv_f77_dummy_main=none
ac_cv_f77_libs=' -L/usr/lib/gcc/x86_64-linux-gnu/5 -L/usr/lib/gcc/x86_64-linux-gnu/5/../../../x86_64-linux-gnu -L/usr/lib/gcc/x86_64-linux-gnu/5/../../../../lib -L/lib/x86_64-linux-gnu -L/lib/../lib -L/usr/lib/x86_64-linux-gnu -L/usr/lib/../lib -L/usr/lib/gcc/x86_64-linux-gnu/5/../../.. -lgfortran -lm -lquadmath'
ac_cv_f77_mangling='lower case, underscore, no extra underscore'
ac_cv_fortran_dummy_main=none
ac_cv_func_malloc_0_nonnull=yes
ac_cv_func_memcmp_working=yes
ac_cv_func_realloc_0_nonnull=yes
ac_cv_have_X86_ASM=no
ac_cv_have___builtin_clzl=yes
ac_cv_header_dlfcn_h=yes
ac_cv_header_inttypes_h=yes
ac_cv_header_math_h=yes
ac_cv_header_memory_h=yes
ac_cv_header_stdc=yes
ac_cv_header_stdint_h=yes
ac_cv_header_stdlib_h=yes
ac_cv_header_string_h=yes
ac_cv_header_strings_h=yes
ac_cv_header_sys_stat_h=yes
ac_cv_header_sys_types_h=yes
ac_cv_header_unistd_h=yes
ac_cv_host=x86_64-unknown-linux-gnu
ac_cv_objext=o
ac_cv_path_EGREP='/bin/grep -E'
ac_cv_path_FGREP='/bin/grep -F'
ac_cv_path_GREP=/bin/grep
ac_cv_path_SED=/bin/sed
ac_cv_path_install='/usr/bin/install -c'
ac_cv_path_mkdir=/bin/mkdir
ac_cv_prog_AWK=gawk
ac_cv_prog_CPP='gcc -E'
ac_cv_prog_CXXCPP='g++ -E'
ac_cv_prog_ac_ct_AR=ar
ac_cv_prog_ac_ct_CC=gcc
ac_cv_prog_ac_ct_CXX=g++
ac_cv_prog_ac_ct_DLLTOOL=dlltool
ac_cv_prog_ac_ct_F77=f77
ac_cv_prog_ac_ct_MANIFEST_TOOL=mt
ac_cv_prog_ac_ct_OBJDUMP=objdump
ac_cv_prog_ac_ct_RANLIB=ranlib
ac_cv_prog_ac_ct_STRIP=strip
ac_cv_prog_cc_c89=
ac_cv_prog_cc_g=yes
ac_cv_prog_cc_gcc_c_o=yes
ac_cv_prog_cxx_g=yes
ac_cv_prog_f77_g=yes
ac_cv_prog_f77_v=-v
ac_cv_prog_make_make_set=yes
am_cv_CC_dependencies_compiler_type=gcc3
am_cv_CXX_dependencies_compiler_type=gcc3
lt_cv_ar_at_file=@
lt_cv_archive_cmds_need_lc=no
lt_cv_deplibs_check_method=pass_all
lt_cv_file_magic_cmd='$MAGIC_CMD'
lt_cv_file_magic_test_file=
lt_cv_ld_reload_flag=-r
lt_cv_nm_interface='BSD nm'
lt_cv_objdir=.libs
lt_cv_path_LD=/usr/bin/ld
lt_cv_path_LDCXX='/usr/bin/ld -m elf_x86_64'
lt_cv_path_NM='/usr/bin/nm -B'
lt_cv_path_mainfest_tool=no
lt_cv_prog_compiler_c_o=yes
lt_cv_prog_compiler_c_o_CXX=yes
lt_cv_prog_compiler_c_o_F77=yes
lt_cv_prog_compiler_pic='-fPIC -DPIC'
lt_cv_prog_compiler_pic_CXX='-fPIC -DPIC'
lt_cv_prog_compiler_pic_F77=-fPIC
lt_cv_prog_compiler_pic_works=yes
lt_cv_prog_compiler_pic_works_CXX=yes
lt_cv_prog_compiler_pic_works_F77=yes
lt_cv_prog_compiler_rtti_exceptions=no
lt_cv_prog_compiler_static_works=yes
lt_cv_prog_compiler_static_works_CXX=yes
lt_cv_prog_compiler_static_works_F77=yes
lt_cv_prog_gnu_ld=yes
lt_cv_prog_gnu_ldcxx=yes
lt_cv_sharedlib_from_linklib_cmd='printf %s\n'
lt_cv_shlibpath_overrides_runpath=no
lt_cv_sys_global_symbol_pipe='sed -n -e '\''s/^.*[	 ]\([ABCDGIRSTW][ABCDGIRSTW]*\)[	 ][	 ]*\([_A-Za-z][_A-Za-z0-9]*\)$/\1 \2 \2/p'\'' | sed '\''/ __gnu_lto/d'\'''
lt_cv_sys_global_symbol_to_c_name_address='sed -n -e '\''s/^: \([^ ]*\)[ ]*$/  {\"\1\", (void *) 0},/p'\'' -e '\''s/^[ABCDGIRSTW]* \([^ ]*\) \([^ ]*\)$/  {"\2", (void *) \&\2},/p'\'''
lt_cv_sys_global_symbol_to_c_name_address_lib_prefix='sed -n -e '\''s/^: \([^ ]*\)[ ]*$/  {\"\1\", (void *) 0},/p'\'' -e '\''s/^[ABCDGIRSTW]* \([^ ]*\) \(lib[^ ]*\)$/  {"\2", (void *) \&\2},/p'\'' -e '\''s/^[ABCDGIRSTW]* \([^ ]*\) \([^ ]*\)$/  {"lib\2", (void *) \&\2},/p'\'''
lt_cv_sys_global_symbol_to_cdecl='sed -n -e '\''s/^T .* \(.*\)$/extern int \1();/p'\'' -e '\''s/^[ABCDGIRSTW]* .* \(.*\)$/extern char \1;/p'\'''
lt_cv_sys_max_cmd_len=1572864
lt_cv_to_host_file_cmd=func_convert_file_noop
lt_cv_to_tool_file_cmd=func_convert_file_noop

## ----------------- ##
## Output variables. ##
## ----------------- ##

ACLOCAL='${SHELL} /home/boyan/Dissertation/dissertation-main/dissertation-jaspervc/mitlm-0.4.1/build-aux/missing --run aclocal-1.11'
AMDEPBACKSLASH='\'
AMDEP_FALSE='#'
AMDEP_TRUE=''
AMTAR='$${TAR-tar}'
AR='ar'
AS='as'
AUTOCONF='${SHELL} /home/boyan/Dissertation/dissertation-main/dissertation-jaspervc/mitlm-0.4.1/build-aux/missing --run autoconf'
AUTOHEADER='${SHELL} /home/boyan/Dissertation/dissertation-main/dissertation-jaspervc/mitlm-0.4.1/build-aux/missing --run autoheader'
AUTOMAKE='${SHELL} /home/boyan/Dissertation/dissertation-main/dissertation-jaspervc/mitlm-0.4.1/build-aux/missing --run automake-1.11'
AWK='gawk'
CC='gcc'
CCDEPMODE='depmode=gcc3'
CFLAGS='-g -O2'
CPP='gcc -E'
CPPFLAGS=''
CXX='g++'
CXXCPP='g++ -E'
CXXDEPMODE='depmode=gcc3'
CXXFLAGS='-g -O2'
CYGPATH_W='echo'
DEFS='-DPACKAGE_NAME=\"MIT\ Language\ Modeling\ Toolkit\" -DPACKAGE_TARNAME=\"mitlm\" -DPACKAGE_VERSION=\"0.4.1\" -DPACKAGE_STRING=\"MIT\ Language\ Modeling\ Toolkit\ 0.4.1\" -DPACKAGE_BUGREPORT=\"mitlm-dev@googlegroups.com\" -DPACKAGE_URL=\"\" -DPACKAGE=\"mitlm\" -DVERSION=\"0.4.1\" -DF77_FUNC\(name,NAME\)=name\ \#\#\ _ -DF77_FUNC_\(name,NAME\)=name\ \#\#\ _ -DSTDC_HEADERS=1 -DHAVE_SYS_TYPES_H=1 -DHAVE_SYS_STAT_H=1 -DHAVE_STDLIB_H=1 -DHAVE_STRING_H=1 -DHAVE_MEMORY_H=1 -DHAVE_STRINGS_H=1 -DHAVE_INTTYPES_H=1 -DHAVE_STDINT_H=1 -DHAVE_UNISTD_H=1 -DHAVE_DLFCN_H=1 -DLT_OBJDIR=\".libs/\" -DHAVE_STRING_H=1 -DHAVE_MATH_H=1 -DSTDC_HEADERS=1 -DHAVE_STDLIB_H=1 -DHAVE_MALLOC=1 -DHAVE_STDLIB_H=1 -DHAVE_REALLOC=1 -DHAVE___BUILTIN_CLZL=1'
DEPDIR='.deps'
DLLTOOL='dlltool'
DSYMUTIL=''
DUMPBIN=''
ECHO_C=''
ECHO_N='-n'
ECHO_T=''
EGREP='/bin/grep -E'
EXEEXT=''
F77='f77'
FFLAGS='-g -O2'
FGREP='/bin/grep -F'
FLIBS=' -L/usr/lib/gcc/x86_64-linux-gnu/5 -L/usr/lib/gcc/x86_64-linux-gnu/5/../../../x86_64-linux-gnu -L/usr/lib/gcc/x86_64-linux-gnu/5/../../../../lib -L/lib/x86_64-linux-gnu -L/lib/../lib -L/usr/lib/x86_64-linux-gnu -L/usr/lib/../lib -L/usr/lib/gcc/x86_64-linux-gnu/5/../../.. -lgfortran -lm -lquadmath'
GREP='/bin/grep'
INSTALL_DATA='${INSTALL} -m 644'
INSTALL_PROGRAM='${INSTALL}'
INSTALL_SCRIPT='${INSTALL}'
INSTALL_STRIP_PROGRAM='$(install_sh) -c -s'
LD='/usr/bin/ld -m elf_x86_64'
LDFLAGS=''
LIBOBJS=''
LIBS=''
LIBTOOL='$(SHELL) $(top_builddir)/libtool'
LIPO=''
LN_S='ln -s'
LTLIBOBJS=''
MAINT='#'
MAINTAINER_MODE_FALSE=''
MAINTAINER_MODE_TRUE='#'
MAKEINFO='${SHELL} /home/boyan/Dissertation/dissertation-main/dissertation-jaspervc/mitlm-0.4.1/build-aux/missing --run makeinfo'
MANIFEST_TOOL=':'
MKDIR_P='/bin/mkdir -p'
NM='/usr/bin/nm -B'
NMEDIT=''
OBJDUMP='objdump'
OBJEXT='o'
OTOOL64=''
OTOOL=''
PACKAGE='mitlm'
PACKAGE_BUGREPORT='mitlm-dev@googlegroups.com'
PACKAGE_NAME='MIT Language Modeling Toolkit'
PACKAGE_STRING='MIT Language Modeling Toolkit 0.4.1'
PACKAGE_TARNAME='mitlm'
PACKAGE_URL=''
PACKAGE_VERSION='0.4.1'
PATH_SEPARATOR=':'
RANLIB='ranlib'
SED='/bin/sed'
SET_MAKE=''
SHELL='/bin/bash'
STRIP='strip'
VERSION='0.4.1'
ac_ct_AR='ar'
ac_ct_CC='gcc'
ac_ct_CXX='g++'
ac_ct_DUMPBIN=''
ac_ct_F77='f77'
am__EXEEXT_FALSE=''
am__EXEEXT_TRUE='#'
am__fastdepCC_FALSE='#'
am__fastdepCC_TRUE=''
am__fastdepCXX_FALSE='#'
am__fastdepCXX_TRUE=''
am__include='include'
am__isrc=''
am__leading_dot='.'
am__nodep='_no'
am__quote=''
am__tar='$${TAR-tar} chof - "$$tardir"'
am__untar='$${TAR-tar} xf -'
bindir='${exec_prefix}/bin'
build='x86_64-unknown-linux-gnu'
build_alias=''
build_cpu='x86_64'
build_os='linux-gnu'
build_vendor='unknown'
datadir='${datarootdir}'
datarootdir='${prefix}/share'
docdir='${datarootdir}/doc/${PACKAGE_TARNAME}'
dvidir='${docdir}'
exec_prefix='${prefix}'
host='x86_64-unknown-linux-gnu'
host_alias=''
host_cpu='x86_64'
host_os='linux-gnu'
host_vendor='unknown'
htmldir='${docdir}'
includedir='${prefix}/include'
infodir='${datarootdir}/info'
install_sh='${SHELL} /home/boyan/Dissertation/dissertation-main/dissertation-jaspervc/mitlm-0.4.1/build-aux/install-sh'
libdir='${exec_prefix}/lib'
libexecdir='${exec_prefix}/libexec'
localedir='${datarootdir}/locale'
localstatedir='${prefix}/var'
mandir='${datarootdir}/man'
mkdir_p='/bin/mkdir -p'
oldincludedir='/usr/include'
pdfdir='${docdir}'
prefix='/usr/local'
program_transform_name='s,x,x,'
psdir='${docdir}'
sbindir='${exec_prefix}/sbin'
sharedstatedir='${prefix}/com'
sysconfdir='${prefix}/etc'
target_alias=''

## ----------- ##
## confdefs.h. ##
## ----------- ##

/* confdefs.h */
#define PACKAGE_NAME "MIT Language Modeling Toolkit"
#define PACKAGE_TARNAME "mitlm"
#define PACKAGE_VERSION "0.4.1"
#define PACKAGE_STRING "MIT Language Modeling Toolkit 0.4.1"
#define PACKAGE_BUGREPORT "mitlm-dev@googlegroups.com"
#define PACKAGE_URL ""
#define PACKAGE "mitlm"
#define VERSION "0.4.1"
#define F77_FUNC(name,NAME) name ## _
#define F77_FUNC_(name,NAME) name ## _
#define STDC_HEADERS 1
#define HAVE_SYS_TYPES_H 1
#define HAVE_SYS_STAT_H 1
#define HAVE_STDLIB_H 1
#define HAVE_STRING_H 1
#define HAVE_MEMORY_H 1
#define HAVE_STRINGS_H 1
#define HAVE_INTTYPES_H 1
#define HAVE_STDINT_H 1
#define HAVE_UNISTD_H 1
#define HAVE_DLFCN_H 1
#define LT_OBJDIR ".libs/"
#define HAVE_STRING_H 1
#define HAVE_MATH_H 1
#define STDC_HEADERS 1
#define HAVE_STDLIB_H 1
#define HAVE_MALLOC 1
#define HAVE_STDLIB_H 1
#define HAVE_REALLOC 1
#define HAVE___BUILTIN_CLZL 1

configure: exit 0
