This file contains any messages produced by compilers while
running configure, to aid debugging if configure makes a mistake.

It was created by OpenFst configure 1.3.4, which was
generated by GNU Autoconf 2.69.  Invocation command line was

  $ ./configure --enable-compact-fsts --enable-const-fsts --enable-far --enable-lookahead-fsts --enable-pdt --no-create --no-recursion

## --------- ##
## Platform. ##
## --------- ##

hostname = boyan-N56VB
uname -m = x86_64
uname -r = 4.13.0-37-generic
uname -s = Linux
uname -v = #42~16.04.1-Ubuntu SMP Wed Mar 7 16:03:28 UTC 2018

/usr/bin/uname -p = unknown
/bin/uname -X     = unknown

/bin/arch              = unknown
/usr/bin/arch -k       = unknown
/usr/convex/getsysinfo = unknown
/usr/bin/hostinfo      = unknown
/bin/machine           = unknown
/usr/bin/oslevel       = unknown
/bin/universe          = unknown

PATH: /usr/local/sbin
PATH: /usr/local/bin
PATH: /usr/sbin
PATH: /usr/bin
PATH: /sbin
PATH: /bin
PATH: /snap/bin


## ----------- ##
## Core tests. ##
## ----------- ##

configure:2382: checking for a BSD-compatible install
configure:2450: result: /usr/bin/install -c
configure:2461: checking whether build environment is sane
configure:2511: result: yes
configure:2652: checking for a thread-safe mkdir -p
configure:2691: result: /bin/mkdir -p
configure:2704: checking for gawk
configure:2720: found /usr/bin/gawk
configure:2731: result: gawk
configure:2742: checking whether make sets $(MAKE)
configure:2764: result: yes
configure:2903: checking for g++
configure:2919: found /usr/bin/g++
configure:2930: result: g++
configure:2957: checking for C++ compiler version
configure:2966: g++ --version >&5
g++ (Ubuntu 5.4.0-6ubuntu1~16.04.9) 5.4.0 20160609
Copyright (C) 2015 Free Software Foundation, Inc.
This is free software; see the source for copying conditions.  There is NO
warranty; not even for MERCHANTABILITY or FITNESS FOR A PARTICULAR PURPOSE.

configure:2977: $? = 0
configure:2966: g++ -v >&5
Using built-in specs.
COLLECT_GCC=g++
COLLECT_LTO_WRAPPER=/usr/lib/gcc/x86_64-linux-gnu/5/lto-wrapper
Target: x86_64-linux-gnu
Configured with: ../src/configure -v --with-pkgversion='Ubuntu 5.4.0-6ubuntu1~16.04.9' --with-bugurl=file:///usr/share/doc/gcc-5/README.Bugs --enable-languages=c,ada,c++,java,go,d,fortran,objc,obj-c++ --prefix=/usr --program-suffix=-5 --enable-shared --enable-linker-build-id --libexecdir=/usr/lib --without-included-gettext --enable-threads=posix --libdir=/usr/lib --enable-nls --with-sysroot=/ --enable-clocale=gnu --enable-libstdcxx-debug --enable-libstdcxx-time=yes --with-default-libstdcxx-abi=new --enable-gnu-unique-object --disable-vtable-verify --enable-libmpx --enable-plugin --with-system-zlib --disable-browser-plugin --enable-java-awt=gtk --enable-gtk-cairo --with-java-home=/usr/lib/jvm/java-1.5.0-gcj-5-amd64/jre --enable-java-home --with-jvm-root-dir=/usr/lib/jvm/java-1.5.0-gcj-5-amd64 --with-jvm-jar-dir=/usr/lib/jvm-exports/java-1.5.0-gcj-5-amd64 --with-arch-directory=amd64 --with-ecj-jar=/usr/share/java/eclipse-ecj.jar --enable-objc-gc --enable-multiarch --disable-werror --with-arch-32=i686 --with-abi=m64 --with-multilib-list=m32,m64,mx32 --enable-multilib --with-tune=generic --enable-checking=release --build=x86_64-linux-gnu --host=x86_64-linux-gnu --target=x86_64-linux-gnu
Thread model: posix
gcc version 5.4.0 20160609 (Ubuntu 5.4.0-6ubuntu1~16.04.9) 
configure:2977: $? = 0
configure:2966: g++ -V >&5
g++: error: unrecognized command line option '-V'
g++: fatal error: no input files
compilation terminated.
configure:2977: $? = 1
configure:2966: g++ -qversion >&5
g++: error: unrecognized command line option '-qversion'
g++: fatal error: no input files
compilation terminated.
configure:2977: $? = 1
configure:2997: checking whether the C++ compiler works
configure:3019: g++    conftest.cpp  >&5
configure:3023: $? = 0
configure:3071: result: yes
configure:3074: checking for C++ compiler default output file name
configure:3076: result: a.out
configure:3082: checking for suffix of executables
configure:3089: g++ -o conftest    conftest.cpp  >&5
configure:3093: $? = 0
configure:3115: result: 
configure:3137: checking whether we are cross compiling
configure:3145: g++ -o conftest    conftest.cpp  >&5
configure:3149: $? = 0
configure:3156: ./conftest
configure:3160: $? = 0
configure:3175: result: no
configure:3180: checking for suffix of object files
configure:3202: g++ -c   conftest.cpp >&5
configure:3206: $? = 0
configure:3227: result: o
configure:3231: checking whether we are using the GNU C++ compiler
configure:3250: g++ -c   conftest.cpp >&5
configure:3250: $? = 0
configure:3259: result: yes
configure:3268: checking whether g++ accepts -g
configure:3288: g++ -c -g  conftest.cpp >&5
configure:3288: $? = 0
configure:3329: result: yes
configure:3363: checking for style of include used by make
configure:3391: result: GNU
configure:3417: checking dependency style of g++
configure:3528: result: gcc3
configure:3603: checking build system type
configure:3617: result: x86_64-unknown-linux-gnu
configure:3637: checking host system type
configure:3650: result: x86_64-unknown-linux-gnu
configure:3691: checking how to print strings
configure:3718: result: printf
configure:3787: checking for gcc
configure:3803: found /usr/bin/gcc
configure:3814: result: gcc
configure:4043: checking for C compiler version
configure:4052: gcc --version >&5
gcc (Ubuntu 5.4.0-6ubuntu1~16.04.9) 5.4.0 20160609
Copyright (C) 2015 Free Software Foundation, Inc.
This is free software; see the source for copying conditions.  There is NO
warranty; not even for MERCHANTABILITY or FITNESS FOR A PARTICULAR PURPOSE.

configure:4063: $? = 0
configure:4052: gcc -v >&5
Using built-in specs.
COLLECT_GCC=gcc
COLLECT_LTO_WRAPPER=/usr/lib/gcc/x86_64-linux-gnu/5/lto-wrapper
Target: x86_64-linux-gnu
Configured with: ../src/configure -v --with-pkgversion='Ubuntu 5.4.0-6ubuntu1~16.04.9' --with-bugurl=file:///usr/share/doc/gcc-5/README.Bugs --enable-languages=c,ada,c++,java,go,d,fortran,objc,obj-c++ --prefix=/usr --program-suffix=-5 --enable-shared --enable-linker-build-id --libexecdir=/usr/lib --without-included-gettext --enable-threads=posix --libdir=/usr/lib --enable-nls --with-sysroot=/ --enable-clocale=gnu --enable-libstdcxx-debug --enable-libstdcxx-time=yes --with-default-libstdcxx-abi=new --enable-gnu-unique-object --disable-vtable-verify --enable-libmpx --enable-plugin --with-system-zlib --disable-browser-plugin --enable-java-awt=gtk --enable-gtk-cairo --with-java-home=/usr/lib/jvm/java-1.5.0-gcj-5-amd64/jre --enable-java-home --with-jvm-root-dir=/usr/lib/jvm/java-1.5.0-gcj-5-amd64 --with-jvm-jar-dir=/usr/lib/jvm-exports/java-1.5.0-gcj-5-amd64 --with-arch-directory=amd64 --with-ecj-jar=/usr/share/java/eclipse-ecj.jar --enable-objc-gc --enable-multiarch --disable-werror --with-arch-32=i686 --with-abi=m64 --with-multilib-list=m32,m64,mx32 --enable-multilib --with-tune=generic --enable-checking=release --build=x86_64-linux-gnu --host=x86_64-linux-gnu --target=x86_64-linux-gnu
Thread model: posix
gcc version 5.4.0 20160609 (Ubuntu 5.4.0-6ubuntu1~16.04.9) 
configure:4063: $? = 0
configure:4052: gcc -V >&5
gcc: error: unrecognized command line option '-V'
gcc: fatal error: no input files
compilation terminated.
configure:4063: $? = 1
configure:4052: gcc -qversion >&5
gcc: error: unrecognized command line option '-qversion'
gcc: fatal error: no input files
compilation terminated.
configure:4063: $? = 1
configure:4067: checking whether we are using the GNU C compiler
configure:4086: gcc -c   conftest.c >&5
configure:4086: $? = 0
configure:4095: result: yes
configure:4104: checking whether gcc accepts -g
configure:4124: gcc -c -g  conftest.c >&5
configure:4124: $? = 0
configure:4165: result: yes
configure:4182: checking for gcc option to accept ISO C89
configure:4245: gcc  -c -g -O2  conftest.c >&5
configure:4245: $? = 0
configure:4258: result: none needed
configure:4280: checking dependency style of gcc
configure:4391: result: gcc3
configure:4406: checking for a sed that does not truncate output
configure:4470: result: /bin/sed
configure:4488: checking for grep that handles long lines and -e
configure:4546: result: /bin/grep
configure:4551: checking for egrep
configure:4613: result: /bin/grep -E
configure:4618: checking for fgrep
configure:4680: result: /bin/grep -F
configure:4715: checking for ld used by gcc
configure:4782: result: /usr/bin/ld
configure:4789: checking if the linker (/usr/bin/ld) is GNU ld
configure:4804: result: yes
configure:4816: checking for BSD- or MS-compatible name lister (nm)
configure:4865: result: /usr/bin/nm -B
configure:4995: checking the name lister (/usr/bin/nm -B) interface
configure:5002: gcc -c -g -O2  conftest.c >&5
configure:5005: /usr/bin/nm -B "conftest.o"
configure:5008: output
0000000000000000 B some_variable
configure:5015: result: BSD nm
configure:5018: checking whether ln -s works
configure:5022: result: yes
configure:5030: checking the maximum length of command line arguments
configure:5160: result: 1572864
configure:5177: checking whether the shell understands some XSI constructs
configure:5187: result: yes
configure:5191: checking whether the shell understands "+="
configure:5197: result: yes
configure:5232: checking how to convert x86_64-unknown-linux-gnu file names to x86_64-unknown-linux-gnu format
configure:5272: result: func_convert_file_noop
configure:5279: checking how to convert x86_64-unknown-linux-gnu file names to toolchain format
configure:5299: result: func_convert_file_noop
configure:5306: checking for /usr/bin/ld option to reload object files
configure:5313: result: -r
configure:5387: checking for objdump
configure:5403: found /usr/bin/objdump
configure:5414: result: objdump
configure:5446: checking how to recognize dependent libraries
configure:5648: result: pass_all
configure:5733: checking for dlltool
configure:5763: result: no
configure:5793: checking how to associate runtime and link libraries
configure:5820: result: printf %s\n
configure:5881: checking for ar
configure:5897: found /usr/bin/ar
configure:5908: result: ar
configure:5945: checking for archiver @FILE support
configure:5962: gcc -c -g -O2  conftest.c >&5
configure:5962: $? = 0
configure:5965: ar cru libconftest.a @conftest.lst >&5
ar: `u' modifier ignored since `D' is the default (see `U')
configure:5968: $? = 0
configure:5973: ar cru libconftest.a @conftest.lst >&5
ar: `u' modifier ignored since `D' is the default (see `U')
ar: conftest.o: No such file or directory
configure:5976: $? = 1
configure:5988: result: @
configure:6046: checking for strip
configure:6062: found /usr/bin/strip
configure:6073: result: strip
configure:6145: checking for ranlib
configure:6161: found /usr/bin/ranlib
configure:6172: result: ranlib
configure:6274: checking command to parse /usr/bin/nm -B output from gcc object
configure:6394: gcc -c -g -O2  conftest.c >&5
configure:6397: $? = 0
configure:6401: /usr/bin/nm -B conftest.o \| sed -n -e 's/^.*[ ]\([ABCDGIRSTW][ABCDGIRSTW]*\)[ ][ ]*\([_A-Za-z][_A-Za-z0-9]*\)$/\1 \2 \2/p' | sed '/ __gnu_lto/d' \> conftest.nm
configure:6404: $? = 0
configure:6470: gcc -o conftest -g -O2   conftest.c conftstm.o >&5
configure:6473: $? = 0
configure:6511: result: ok
configure:6548: checking for sysroot
configure:6578: result: no
configure:6655: gcc -c -g -O2  conftest.c >&5
configure:6658: $? = 0
configure:6834: checking for mt
configure:6850: found /bin/mt
configure:6861: result: mt
configure:6884: checking if mt is a manifest tool
configure:6890: mt '-?'
configure:6898: result: no
configure:7540: checking how to run the C preprocessor
configure:7571: gcc -E  conftest.c
configure:7571: $? = 0
configure:7585: gcc -E  conftest.c
conftest.c:11:28: fatal error: ac_nonexistent.h: No such file or directory
compilation terminated.
configure:7585: $? = 1
configure: failed program was:
| /* confdefs.h */
| #define PACKAGE_NAME "OpenFst"
| #define PACKAGE_TARNAME "openfst"
| #define PACKAGE_VERSION "1.3.4"
| #define PACKAGE_STRING "OpenFst 1.3.4"
| #define PACKAGE_BUGREPORT "help@www.openfst.org"
| #define PACKAGE_URL ""
| #define PACKAGE "openfst"
| #define VERSION "1.3.4"
| /* end confdefs.h.  */
| #include <ac_nonexistent.h>
configure:7610: result: gcc -E
configure:7630: gcc -E  conftest.c
configure:7630: $? = 0
configure:7644: gcc -E  conftest.c
conftest.c:11:28: fatal error: ac_nonexistent.h: No such file or directory
compilation terminated.
configure:7644: $? = 1
configure: failed program was:
| /* confdefs.h */
| #define PACKAGE_NAME "OpenFst"
| #define PACKAGE_TARNAME "openfst"
| #define PACKAGE_VERSION "1.3.4"
| #define PACKAGE_STRING "OpenFst 1.3.4"
| #define PACKAGE_BUGREPORT "help@www.openfst.org"
| #define PACKAGE_URL ""
| #define PACKAGE "openfst"
| #define VERSION "1.3.4"
| /* end confdefs.h.  */
| #include <ac_nonexistent.h>
configure:7673: checking for ANSI C header files
configure:7693: gcc -c -g -O2  conftest.c >&5
configure:7693: $? = 0
configure:7766: gcc -o conftest -g -O2   conftest.c  >&5
configure:7766: $? = 0
configure:7766: ./conftest
configure:7766: $? = 0
configure:7777: result: yes
configure:7790: checking for sys/types.h
configure:7790: gcc -c -g -O2  conftest.c >&5
configure:7790: $? = 0
configure:7790: result: yes
configure:7790: checking for sys/stat.h
configure:7790: gcc -c -g -O2  conftest.c >&5
configure:7790: $? = 0
configure:7790: result: yes
configure:7790: checking for stdlib.h
configure:7790: gcc -c -g -O2  conftest.c >&5
configure:7790: $? = 0
configure:7790: result: yes
configure:7790: checking for string.h
configure:7790: gcc -c -g -O2  conftest.c >&5
configure:7790: $? = 0
configure:7790: result: yes
configure:7790: checking for memory.h
configure:7790: gcc -c -g -O2  conftest.c >&5
configure:7790: $? = 0
configure:7790: result: yes
configure:7790: checking for strings.h
configure:7790: gcc -c -g -O2  conftest.c >&5
configure:7790: $? = 0
configure:7790: result: yes
configure:7790: checking for inttypes.h
configure:7790: gcc -c -g -O2  conftest.c >&5
configure:7790: $? = 0
configure:7790: result: yes
configure:7790: checking for stdint.h
configure:7790: gcc -c -g -O2  conftest.c >&5
configure:7790: $? = 0
configure:7790: result: yes
configure:7790: checking for unistd.h
configure:7790: gcc -c -g -O2  conftest.c >&5
configure:7790: $? = 0
configure:7790: result: yes
configure:7804: checking for dlfcn.h
configure:7804: gcc -c -g -O2  conftest.c >&5
configure:7804: $? = 0
configure:7804: result: yes
configure:7991: checking for objdir
configure:8006: result: .libs
configure:8277: checking if gcc supports -fno-rtti -fno-exceptions
configure:8295: gcc -c -g -O2  -fno-rtti -fno-exceptions conftest.c >&5
cc1: warning: command line option '-fno-rtti' is valid for C++/ObjC++ but not for C
configure:8299: $? = 0
configure:8312: result: no
configure:8639: checking for gcc option to produce PIC
configure:8646: result: -fPIC -DPIC
configure:8654: checking if gcc PIC flag -fPIC -DPIC works
configure:8672: gcc -c -g -O2  -fPIC -DPIC -DPIC conftest.c >&5
configure:8676: $? = 0
configure:8689: result: yes
configure:8718: checking if gcc static flag -static works
configure:8746: result: yes
configure:8761: checking if gcc supports -c -o file.o
configure:8782: gcc -c -g -O2  -o out/conftest2.o conftest.c >&5
configure:8786: $? = 0
configure:8808: result: yes
configure:8816: checking if gcc supports -c -o file.o
configure:8863: result: yes
configure:8896: checking whether the gcc linker (/usr/bin/ld -m elf_x86_64) supports shared libraries
configure:10053: result: yes
configure:10090: checking whether -lc should be explicitly linked in
configure:10098: gcc -c -g -O2  conftest.c >&5
configure:10101: $? = 0
configure:10116: gcc -shared  -fPIC -DPIC conftest.o  -v -Wl,-soname -Wl,conftest -o conftest 2\>\&1 \| /bin/grep  -lc  \>/dev/null 2\>\&1
configure:10119: $? = 0
configure:10133: result: no
configure:10293: checking dynamic linker characteristics
configure:10804: gcc -o conftest -g -O2   -Wl,-rpath -Wl,/foo conftest.c  >&5
configure:10804: $? = 0
configure:11038: result: GNU/Linux ld.so
configure:11145: checking how to hardcode library paths into programs
configure:11170: result: immediate
configure:11710: checking whether stripping libraries is possible
configure:11715: result: yes
configure:11750: checking if libtool supports shared libraries
configure:11752: result: yes
configure:11755: checking whether to build shared libraries
configure:11776: result: yes
configure:11779: checking whether to build static libraries
configure:11783: result: no
configure:11806: checking how to run the C++ preprocessor
configure:11833: g++ -E  conftest.cpp
configure:11833: $? = 0
configure:11847: g++ -E  conftest.cpp
conftest.cpp:23:28: fatal error: ac_nonexistent.h: No such file or directory
compilation terminated.
configure:11847: $? = 1
configure: failed program was:
| /* confdefs.h */
| #define PACKAGE_NAME "OpenFst"
| #define PACKAGE_TARNAME "openfst"
| #define PACKAGE_VERSION "1.3.4"
| #define PACKAGE_STRING "OpenFst 1.3.4"
| #define PACKAGE_BUGREPORT "help@www.openfst.org"
| #define PACKAGE_URL ""
| #define PACKAGE "openfst"
| #define VERSION "1.3.4"
| #define STDC_HEADERS 1
| #define HAVE_SYS_TYPES_H 1
| #define HAVE_SYS_STAT_H 1
| #define HAVE_STDLIB_H 1
| #define HAVE_STRING_H 1
| #define HAVE_MEMORY_H 1
| #define HAVE_STRINGS_H 1
| #define HAVE_INTTYPES_H 1
| #define HAVE_STDINT_H 1
| #define HAVE_UNISTD_H 1
| #define HAVE_DLFCN_H 1
| #define LT_OBJDIR ".libs/"
| /* end confdefs.h.  */
| #include <ac_nonexistent.h>
configure:11872: result: g++ -E
configure:11892: g++ -E  conftest.cpp
configure:11892: $? = 0
configure:11906: g++ -E  conftest.cpp
conftest.cpp:23:28: fatal error: ac_nonexistent.h: No such file or directory
compilation terminated.
configure:11906: $? = 1
configure: failed program was:
| /* confdefs.h */
| #define PACKAGE_NAME "OpenFst"
| #define PACKAGE_TARNAME "openfst"
| #define PACKAGE_VERSION "1.3.4"
| #define PACKAGE_STRING "OpenFst 1.3.4"
| #define PACKAGE_BUGREPORT "help@www.openfst.org"
| #define PACKAGE_URL ""
| #define PACKAGE "openfst"
| #define VERSION "1.3.4"
| #define STDC_HEADERS 1
| #define HAVE_SYS_TYPES_H 1
| #define HAVE_SYS_STAT_H 1
| #define HAVE_STDLIB_H 1
| #define HAVE_STRING_H 1
| #define HAVE_MEMORY_H 1
| #define HAVE_STRINGS_H 1
| #define HAVE_INTTYPES_H 1
| #define HAVE_STDINT_H 1
| #define HAVE_UNISTD_H 1
| #define HAVE_DLFCN_H 1
| #define LT_OBJDIR ".libs/"
| /* end confdefs.h.  */
| #include <ac_nonexistent.h>
configure:12075: checking for ld used by g++
configure:12142: result: /usr/bin/ld -m elf_x86_64
configure:12149: checking if the linker (/usr/bin/ld -m elf_x86_64) is GNU ld
configure:12164: result: yes
configure:12219: checking whether the g++ linker (/usr/bin/ld -m elf_x86_64) supports shared libraries
configure:13224: result: yes
configure:13260: g++ -c -g -O2  conftest.cpp >&5
configure:13263: $? = 0
configure:13783: checking for g++ option to produce PIC
configure:13790: result: -fPIC -DPIC
configure:13798: checking if g++ PIC flag -fPIC -DPIC works
configure:13816: g++ -c -g -O2  -fPIC -DPIC -DPIC conftest.cpp >&5
configure:13820: $? = 0
configure:13833: result: yes
configure:13856: checking if g++ static flag -static works
configure:13884: result: yes
configure:13896: checking if g++ supports -c -o file.o
configure:13917: g++ -c -g -O2  -o out/conftest2.o conftest.cpp >&5
configure:13921: $? = 0
configure:13943: result: yes
configure:13948: checking if g++ supports -c -o file.o
configure:13995: result: yes
configure:14025: checking whether the g++ linker (/usr/bin/ld -m elf_x86_64) supports shared libraries
configure:14064: result: yes
configure:14205: checking dynamic linker characteristics
configure:14884: result: GNU/Linux ld.so
configure:14937: checking how to hardcode library paths into programs
configure:14962: result: immediate
configure:15038: checking for std::tr1::hash<long long unsigned>
configure:15038: g++ -c -g -O2  conftest.cpp >&5
configure:15038: $? = 0
configure:15038: g++ -c -g -O2  conftest.cpp >&5
conftest.cpp: In function 'int main()':
conftest.cpp:28:48: error: expected primary-expression before ')' token
 if (sizeof ((std::tr1::hash<long long unsigned>)))
                                                ^
configure:15038: $? = 1
configure: failed program was:
| /* confdefs.h */
| #define PACKAGE_NAME "OpenFst"
| #define PACKAGE_TARNAME "openfst"
| #define PACKAGE_VERSION "1.3.4"
| #define PACKAGE_STRING "OpenFst 1.3.4"
| #define PACKAGE_BUGREPORT "help@www.openfst.org"
| #define PACKAGE_URL ""
| #define PACKAGE "openfst"
| #define VERSION "1.3.4"
| #define STDC_HEADERS 1
| #define HAVE_SYS_TYPES_H 1
| #define HAVE_SYS_STAT_H 1
| #define HAVE_STDLIB_H 1
| #define HAVE_STRING_H 1
| #define HAVE_MEMORY_H 1
| #define HAVE_STRINGS_H 1
| #define HAVE_INTTYPES_H 1
| #define HAVE_STDINT_H 1
| #define HAVE_UNISTD_H 1
| #define HAVE_DLFCN_H 1
| #define LT_OBJDIR ".libs/"
| /* end confdefs.h.  */
| #include <tr1/unordered_map>
| 
| int
| main ()
| {
| if (sizeof ((std::tr1::hash<long long unsigned>)))
| 	    return 0;
|   ;
|   return 0;
| }
configure:15038: result: yes
configure:15050: checking for __gnu_cxx::slist<int>
configure:15050: g++ -c -g -O2  conftest.cpp >&5
configure:15050: $? = 0
configure:15050: g++ -c -g -O2  conftest.cpp >&5
conftest.cpp: In function 'int main()':
conftest.cpp:29:35: error: expected primary-expression before ')' token
 if (sizeof ((__gnu_cxx::slist<int>)))
                                   ^
configure:15050: $? = 1
configure: failed program was:
| /* confdefs.h */
| #define PACKAGE_NAME "OpenFst"
| #define PACKAGE_TARNAME "openfst"
| #define PACKAGE_VERSION "1.3.4"
| #define PACKAGE_STRING "OpenFst 1.3.4"
| #define PACKAGE_BUGREPORT "help@www.openfst.org"
| #define PACKAGE_URL ""
| #define PACKAGE "openfst"
| #define VERSION "1.3.4"
| #define STDC_HEADERS 1
| #define HAVE_SYS_TYPES_H 1
| #define HAVE_SYS_STAT_H 1
| #define HAVE_STDLIB_H 1
| #define HAVE_STRING_H 1
| #define HAVE_MEMORY_H 1
| #define HAVE_STRINGS_H 1
| #define HAVE_INTTYPES_H 1
| #define HAVE_STDINT_H 1
| #define HAVE_UNISTD_H 1
| #define HAVE_DLFCN_H 1
| #define LT_OBJDIR ".libs/"
| #define HAVE_STD__TR1__HASH_LONG_LONG_UNSIGNED_ 1
| /* end confdefs.h.  */
| #include <ext/slist>
| 
| int
| main ()
| {
| if (sizeof ((__gnu_cxx::slist<int>)))
| 	    return 0;
|   ;
|   return 0;
| }
configure:15050: result: yes
configure:15351: creating ./config.status

## ---------------- ##
## Cache variables. ##
## ---------------- ##

ac_cv_build=x86_64-unknown-linux-gnu
ac_cv_c_compiler_gnu=yes
ac_cv_cxx_compiler_gnu=yes
ac_cv_env_CCC_set=
ac_cv_env_CCC_value=
ac_cv_env_CC_set=
ac_cv_env_CC_value=
ac_cv_env_CFLAGS_set=
ac_cv_env_CFLAGS_value=
ac_cv_env_CPPFLAGS_set=
ac_cv_env_CPPFLAGS_value=
ac_cv_env_CPP_set=
ac_cv_env_CPP_value=
ac_cv_env_CXXCPP_set=
ac_cv_env_CXXCPP_value=
ac_cv_env_CXXFLAGS_set=
ac_cv_env_CXXFLAGS_value=
ac_cv_env_CXX_set=
ac_cv_env_CXX_value=
ac_cv_env_LDFLAGS_set=
ac_cv_env_LDFLAGS_value=
ac_cv_env_LIBS_set=
ac_cv_env_LIBS_value=
ac_cv_env_build_alias_set=
ac_cv_env_build_alias_value=
ac_cv_env_host_alias_set=
ac_cv_env_host_alias_value=
ac_cv_env_target_alias_set=
ac_cv_env_target_alias_value=
ac_cv_header_dlfcn_h=yes
ac_cv_header_inttypes_h=yes
ac_cv_header_memory_h=yes
ac_cv_header_stdc=yes
ac_cv_header_stdint_h=yes
ac_cv_header_stdlib_h=yes
ac_cv_header_string_h=yes
ac_cv_header_strings_h=yes
ac_cv_header_sys_stat_h=yes
ac_cv_header_sys_types_h=yes
ac_cv_header_unistd_h=yes
ac_cv_host=x86_64-unknown-linux-gnu
ac_cv_objext=o
ac_cv_path_EGREP='/bin/grep -E'
ac_cv_path_FGREP='/bin/grep -F'
ac_cv_path_GREP=/bin/grep
ac_cv_path_SED=/bin/sed
ac_cv_path_install='/usr/bin/install -c'
ac_cv_path_mkdir=/bin/mkdir
ac_cv_prog_AWK=gawk
ac_cv_prog_CPP='gcc -E'
ac_cv_prog_CXXCPP='g++ -E'
ac_cv_prog_ac_ct_AR=ar
ac_cv_prog_ac_ct_CC=gcc
ac_cv_prog_ac_ct_CXX=g++
ac_cv_prog_ac_ct_MANIFEST_TOOL=mt
ac_cv_prog_ac_ct_OBJDUMP=objdump
ac_cv_prog_ac_ct_RANLIB=ranlib
ac_cv_prog_ac_ct_STRIP=strip
ac_cv_prog_cc_c89=
ac_cv_prog_cc_g=yes
ac_cv_prog_cxx_g=yes
ac_cv_prog_make_make_set=yes
ac_cv_type___gnu_cxx__slist_int_=yes
ac_cv_type_std__tr1__hash_long_long_unsigned_=yes
am_cv_CC_dependencies_compiler_type=gcc3
am_cv_CXX_dependencies_compiler_type=gcc3
lt_cv_ar_at_file=@
lt_cv_archive_cmds_need_lc=no
lt_cv_deplibs_check_method=pass_all
lt_cv_file_magic_cmd='$MAGIC_CMD'
lt_cv_file_magic_test_file=
lt_cv_ld_reload_flag=-r
lt_cv_nm_interface='BSD nm'
lt_cv_objdir=.libs
lt_cv_path_LD=/usr/bin/ld
lt_cv_path_LDCXX='/usr/bin/ld -m elf_x86_64'
lt_cv_path_NM='/usr/bin/nm -B'
lt_cv_path_mainfest_tool=no
lt_cv_prog_compiler_c_o=yes
lt_cv_prog_compiler_c_o_CXX=yes
lt_cv_prog_compiler_pic='-fPIC -DPIC'
lt_cv_prog_compiler_pic_CXX='-fPIC -DPIC'
lt_cv_prog_compiler_pic_works=yes
lt_cv_prog_compiler_pic_works_CXX=yes
lt_cv_prog_compiler_rtti_exceptions=no
lt_cv_prog_compiler_static_works=yes
lt_cv_prog_compiler_static_works_CXX=yes
lt_cv_prog_gnu_ld=yes
lt_cv_prog_gnu_ldcxx=yes
lt_cv_sharedlib_from_linklib_cmd='printf %s\n'
lt_cv_shlibpath_overrides_runpath=no
lt_cv_sys_global_symbol_pipe='sed -n -e '\''s/^.*[	 ]\([ABCDGIRSTW][ABCDGIRSTW]*\)[	 ][	 ]*\([_A-Za-z][_A-Za-z0-9]*\)$/\1 \2 \2/p'\'' | sed '\''/ __gnu_lto/d'\'''
lt_cv_sys_global_symbol_to_c_name_address='sed -n -e '\''s/^: \([^ ]*\)[ ]*$/  {\"\1\", (void *) 0},/p'\'' -e '\''s/^[ABCDGIRSTW]* \([^ ]*\) \([^ ]*\)$/  {"\2", (void *) \&\2},/p'\'''
lt_cv_sys_global_symbol_to_c_name_address_lib_prefix='sed -n -e '\''s/^: \([^ ]*\)[ ]*$/  {\"\1\", (void *) 0},/p'\'' -e '\''s/^[ABCDGIRSTW]* \([^ ]*\) \(lib[^ ]*\)$/  {"\2", (void *) \&\2},/p'\'' -e '\''s/^[ABCDGIRSTW]* \([^ ]*\) \([^ ]*\)$/  {"lib\2", (void *) \&\2},/p'\'''
lt_cv_sys_global_symbol_to_cdecl='sed -n -e '\''s/^T .* \(.*\)$/extern int \1();/p'\'' -e '\''s/^[ABCDGIRSTW]* .* \(.*\)$/extern char \1;/p'\'''
lt_cv_sys_max_cmd_len=1572864
lt_cv_to_host_file_cmd=func_convert_file_noop
lt_cv_to_tool_file_cmd=func_convert_file_noop

## ----------------- ##
## Output variables. ##
## ----------------- ##

ACLOCAL='${SHELL} /home/boyan/Dissertation/dissertation-main/dissertation-jaspervc/openfst-1.3.4/missing --run aclocal-1.11'
AMDEPBACKSLASH='\'
AMDEP_FALSE='#'
AMDEP_TRUE=''
AMTAR='$${TAR-tar}'
AR='ar'
AUTOCONF='${SHELL} /home/boyan/Dissertation/dissertation-main/dissertation-jaspervc/openfst-1.3.4/missing --run autoconf'
AUTOHEADER='${SHELL} /home/boyan/Dissertation/dissertation-main/dissertation-jaspervc/openfst-1.3.4/missing --run autoheader'
AUTOMAKE='${SHELL} /home/boyan/Dissertation/dissertation-main/dissertation-jaspervc/openfst-1.3.4/missing --run automake-1.11'
AWK='gawk'
CC='gcc'
CCDEPMODE='depmode=gcc3'
CFLAGS='-g -O2'
CPP='gcc -E'
CPPFLAGS=''
CXX='g++'
CXXCPP='g++ -E'
CXXDEPMODE='depmode=gcc3'
CXXFLAGS='-g -O2'
CYGPATH_W='echo'
DEFS='-DHAVE_CONFIG_H'
DEPDIR='.deps'
DLLTOOL='false'
DSYMUTIL=''
DUMPBIN=''
ECHO_C=''
ECHO_N='-n'
ECHO_T=''
EGREP='/bin/grep -E'
EXEEXT=''
FGREP='/bin/grep -F'
GREP='/bin/grep'
HAVE_BIN_FALSE='#'
HAVE_BIN_TRUE=''
HAVE_COMPACT_FALSE='#'
HAVE_COMPACT_TRUE=''
HAVE_CONST_FALSE='#'
HAVE_CONST_TRUE=''
HAVE_FAR_FALSE='#'
HAVE_FAR_TRUE=''
HAVE_LOOKAHEAD_FALSE='#'
HAVE_LOOKAHEAD_TRUE=''
HAVE_NGRAM_FALSE=''
HAVE_NGRAM_TRUE='#'
HAVE_PDT_FALSE='#'
HAVE_PDT_TRUE=''
HAVE_SCRIPT_FALSE='#'
HAVE_SCRIPT_TRUE=''
INSTALL_DATA='${INSTALL} -m 644'
INSTALL_PROGRAM='${INSTALL}'
INSTALL_SCRIPT='${INSTALL}'
INSTALL_STRIP_PROGRAM='$(install_sh) -c -s'
LD='/usr/bin/ld -m elf_x86_64'
LDFLAGS=''
LIBOBJS=''
LIBS=''
LIBTOOL='$(SHELL) $(top_builddir)/libtool'
LIPO=''
LN_S='ln -s'
LTLIBOBJS=''
MAKEINFO='${SHELL} /home/boyan/Dissertation/dissertation-main/dissertation-jaspervc/openfst-1.3.4/missing --run makeinfo'
MANIFEST_TOOL=':'
MKDIR_P='/bin/mkdir -p'
NM='/usr/bin/nm -B'
NMEDIT=''
OBJDUMP='objdump'
OBJEXT='o'
OTOOL64=''
OTOOL=''
PACKAGE='openfst'
PACKAGE_BUGREPORT='help@www.openfst.org'
PACKAGE_NAME='OpenFst'
PACKAGE_STRING='OpenFst 1.3.4'
PACKAGE_TARNAME='openfst'
PACKAGE_URL=''
PACKAGE_VERSION='1.3.4'
PATH_SEPARATOR=':'
RANLIB='ranlib'
SED='/bin/sed'
SET_MAKE=''
SHELL='/bin/bash'
STRIP='strip'
VERSION='1.3.4'
ac_ct_AR='ar'
ac_ct_CC='gcc'
ac_ct_CXX='g++'
ac_ct_DUMPBIN=''
am__EXEEXT_FALSE=''
am__EXEEXT_TRUE='#'
am__fastdepCC_FALSE='#'
am__fastdepCC_TRUE=''
am__fastdepCXX_FALSE='#'
am__fastdepCXX_TRUE=''
am__include='include'
am__isrc=''
am__leading_dot='.'
am__nodep='_no'
am__quote=''
am__tar='$${TAR-tar} chof - "$$tardir"'
am__untar='$${TAR-tar} xf -'
bindir='${exec_prefix}/bin'
build='x86_64-unknown-linux-gnu'
build_alias=''
build_cpu='x86_64'
build_os='linux-gnu'
build_vendor='unknown'
datadir='${datarootdir}'
datarootdir='${prefix}/share'
docdir='${datarootdir}/doc/${PACKAGE_TARNAME}'
dvidir='${docdir}'
exec_prefix='${prefix}'
host='x86_64-unknown-linux-gnu'
host_alias=''
host_cpu='x86_64'
host_os='linux-gnu'
host_vendor='unknown'
htmldir='${docdir}'
includedir='${prefix}/include'
infodir='${datarootdir}/info'
install_sh='${SHELL} /home/boyan/Dissertation/dissertation-main/dissertation-jaspervc/openfst-1.3.4/install-sh'
libdir='${exec_prefix}/lib'
libexecdir='${exec_prefix}/libexec'
libfstdir='${exec_prefix}/lib/fst'
localedir='${datarootdir}/locale'
localstatedir='${prefix}/var'
mandir='${datarootdir}/man'
mkdir_p='/bin/mkdir -p'
oldincludedir='/usr/include'
pdfdir='${docdir}'
prefix='/usr/local'
program_transform_name='s,x,x,'
psdir='${docdir}'
runstatedir='${localstatedir}/run'
sbindir='${exec_prefix}/sbin'
sharedstatedir='${prefix}/com'
sysconfdir='${prefix}/etc'
target_alias=''

## ----------- ##
## confdefs.h. ##
## ----------- ##

/* confdefs.h */
#define PACKAGE_NAME "OpenFst"
#define PACKAGE_TARNAME "openfst"
#define PACKAGE_VERSION "1.3.4"
#define PACKAGE_STRING "OpenFst 1.3.4"
#define PACKAGE_BUGREPORT "help@www.openfst.org"
#define PACKAGE_URL ""
#define PACKAGE "openfst"
#define VERSION "1.3.4"
#define STDC_HEADERS 1
#define HAVE_SYS_TYPES_H 1
#define HAVE_SYS_STAT_H 1
#define HAVE_STDLIB_H 1
#define HAVE_STRING_H 1
#define HAVE_MEMORY_H 1
#define HAVE_STRINGS_H 1
#define HAVE_INTTYPES_H 1
#define HAVE_STDINT_H 1
#define HAVE_UNISTD_H 1
#define HAVE_DLFCN_H 1
#define LT_OBJDIR ".libs/"
#define HAVE_STD__TR1__HASH_LONG_LONG_UNSIGNED_ 1
#define HAVE___GNU_CXX__SLIST_INT_ 1

configure: exit 0

## ---------------------- ##
## Running config.status. ##
## ---------------------- ##

This file was extended by OpenFst config.status 1.3.4, which was
generated by GNU Autoconf 2.69.  Invocation command line was

  CONFIG_FILES    = 
  CONFIG_HEADERS  = 
  CONFIG_LINKS    = 
  CONFIG_COMMANDS = 
  $ ./config.status 

on boyan-N56VB

config.status:1173: creating Makefile
config.status:1173: creating src/Makefile
config.status:1173: creating src/include/Makefile
config.status:1173: creating src/lib/Makefile
config.status:1173: creating src/bin/Makefile
config.status:1173: creating src/test/Makefile
config.status:1173: creating src/extensions/Makefile
config.status:1173: creating src/extensions/compact/Makefile
config.status:1173: creating src/extensions/const/Makefile
config.status:1173: creating src/extensions/far/Makefile
config.status:1173: creating src/extensions/lookahead/Makefile
config.status:1173: creating src/extensions/ngram/Makefile
config.status:1173: creating src/extensions/pdt/Makefile
config.status:1173: creating src/script/Makefile
config.status:1173: creating config.h
config.status:1173: creating src/include/fst/config.h
config.status:1354: src/include/fst/config.h is unchanged
config.status:1402: executing depfiles commands
config.status:1402: executing libtool commands

## ---------------------- ##
## Running config.status. ##
## ---------------------- ##

This file was extended by OpenFst config.status 1.3.4, which was
generated by GNU Autoconf 2.69.  Invocation command line was

  CONFIG_FILES    = 
  CONFIG_HEADERS  = 
  CONFIG_LINKS    = 
  CONFIG_COMMANDS = 
  $ ./config.status config.h

on boyan-N56VB

config.status:1173: creating config.h
config.status:1354: config.h is unchanged
